// This is where an access log would be created
::1 - - [27/Apr/2022:16:01:03 +0000] "GET / HTTP/1.1" 200 4148 "-" "Mozilla/5.0 (Windows NT 10.0; Win64; x64) AppleWebKit/537.36 (KHTML, like Gecko) Chrome/100.0.4896.127 Safari/537.36"
::1 - - [27/Apr/2022:16:01:03 +0000] "GET /style.css HTTP/1.1" 200 166 "http://localhost:5555/" "Mozilla/5.0 (Windows NT 10.0; Win64; x64) AppleWebKit/537.36 (KHTML, like Gecko) Chrome/100.0.4896.127 Safari/537.36"
::1 - - [27/Apr/2022:16:01:03 +0000] "GET /main.js HTTP/1.1" 200 4074 "http://localhost:5555/" "Mozilla/5.0 (Windows NT 10.0; Win64; x64) AppleWebKit/537.36 (KHTML, like Gecko) Chrome/100.0.4896.127 Safari/537.36"
::1 - - [27/Apr/2022:16:01:03 +0000] "GET /assets/img/coin.png HTTP/1.1" 200 735744 "http://localhost:5555/" "Mozilla/5.0 (Windows NT 10.0; Win64; x64) AppleWebKit/537.36 (KHTML, like Gecko) Chrome/100.0.4896.127 Safari/537.36"
::1 - - [27/Apr/2022:16:01:03 +0000] "GET /assets/img/tails.png HTTP/1.1" 200 652124 "http://localhost:5555/" "Mozilla/5.0 (Windows NT 10.0; Win64; x64) AppleWebKit/537.36 (KHTML, like Gecko) Chrome/100.0.4896.127 Safari/537.36"
::1 - - [27/Apr/2022:16:01:03 +0000] "GET /assets/img/heads.png HTTP/1.1" 200 928698 "http://localhost:5555/" "Mozilla/5.0 (Windows NT 10.0; Win64; x64) AppleWebKit/537.36 (KHTML, like Gecko) Chrome/100.0.4896.127 Safari/537.36"
::1 - - [27/Apr/2022:16:01:04 +0000] "GET /assets/favicon/manifest.json HTTP/1.1" 200 760 "http://localhost:5555/" "Mozilla/5.0 (Windows NT 10.0; Win64; x64) AppleWebKit/537.36 (KHTML, like Gecko) Chrome/100.0.4896.127 Safari/537.36"
::1 - - [27/Apr/2022:16:01:04 +0000] "GET /assets/favicon/favicon-32x32.png HTTP/1.1" 200 4940 "http://localhost:5555/" "Mozilla/5.0 (Windows NT 10.0; Win64; x64) AppleWebKit/537.36 (KHTML, like Gecko) Chrome/100.0.4896.127 Safari/537.36"
::1 - - [27/Apr/2022:16:01:07 +0000] "POST /app/flip/coins/ HTTP/1.1" 500 1349 "http://localhost:5555/" "Mozilla/5.0 (Windows NT 10.0; Win64; x64) AppleWebKit/537.36 (KHTML, like Gecko) Chrome/100.0.4896.127 Safari/537.36"
::1 - - [27/Apr/2022:16:01:08 +0000] "POST /app/flip/coins/ HTTP/1.1" 500 1349 "http://localhost:5555/" "Mozilla/5.0 (Windows NT 10.0; Win64; x64) AppleWebKit/537.36 (KHTML, like Gecko) Chrome/100.0.4896.127 Safari/537.36"
::1 - - [27/Apr/2022:16:01:11 +0000] "POST /app/flip/call/ HTTP/1.1" 500 1348 "http://localhost:5555/" "Mozilla/5.0 (Windows NT 10.0; Win64; x64) AppleWebKit/537.36 (KHTML, like Gecko) Chrome/100.0.4896.127 Safari/537.36"
::1 - - [27/Apr/2022:16:01:12 +0000] "POST /app/flip/call/ HTTP/1.1" 500 1348 "http://localhost:5555/" "Mozilla/5.0 (Windows NT 10.0; Win64; x64) AppleWebKit/537.36 (KHTML, like Gecko) Chrome/100.0.4896.127 Safari/537.36"
::1 - - [27/Apr/2022:16:01:12 +0000] "POST /app/flip/call/ HTTP/1.1" 500 1348 "http://localhost:5555/" "Mozilla/5.0 (Windows NT 10.0; Win64; x64) AppleWebKit/537.36 (KHTML, like Gecko) Chrome/100.0.4896.127 Safari/537.36"
::1 - - [27/Apr/2022:16:01:12 +0000] "POST /app/flip/call/ HTTP/1.1" 500 1348 "http://localhost:5555/" "Mozilla/5.0 (Windows NT 10.0; Win64; x64) AppleWebKit/537.36 (KHTML, like Gecko) Chrome/100.0.4896.127 Safari/537.36"
::1 - - [27/Apr/2022:16:01:13 +0000] "GET /app/flip HTTP/1.1" 200 16 "http://localhost:5555/" "Mozilla/5.0 (Windows NT 10.0; Win64; x64) AppleWebKit/537.36 (KHTML, like Gecko) Chrome/100.0.4896.127 Safari/537.36"
::1 - - [27/Apr/2022:16:01:23 +0000] "POST /app/flip/call/ HTTP/1.1" 500 1348 "http://localhost:5555/" "Mozilla/5.0 (Windows NT 10.0; Win64; x64) AppleWebKit/537.36 (KHTML, like Gecko) Chrome/100.0.4896.127 Safari/537.36"
::1 - - [27/Apr/2022:16:01:24 +0000] "POST /app/flip/call/ HTTP/1.1" 500 1348 "http://localhost:5555/" "Mozilla/5.0 (Windows NT 10.0; Win64; x64) AppleWebKit/537.36 (KHTML, like Gecko) Chrome/100.0.4896.127 Safari/537.36"
::1 - - [27/Apr/2022:16:01:25 +0000] "POST /app/flip/coins/ HTTP/1.1" 500 1349 "http://localhost:5555/" "Mozilla/5.0 (Windows NT 10.0; Win64; x64) AppleWebKit/537.36 (KHTML, like Gecko) Chrome/100.0.4896.127 Safari/537.36"
::1 - - [27/Apr/2022:16:01:25 +0000] "POST /app/flip/coins/ HTTP/1.1" 500 1349 "http://localhost:5555/" "Mozilla/5.0 (Windows NT 10.0; Win64; x64) AppleWebKit/537.36 (KHTML, like Gecko) Chrome/100.0.4896.127 Safari/537.36"
::1 - - [27/Apr/2022:16:01:25 +0000] "POST /app/flip/coins/ HTTP/1.1" 500 1349 "http://localhost:5555/" "Mozilla/5.0 (Windows NT 10.0; Win64; x64) AppleWebKit/537.36 (KHTML, like Gecko) Chrome/100.0.4896.127 Safari/537.36"
::1 - - [27/Apr/2022:16:01:26 +0000] "POST /app/flip/coins/ HTTP/1.1" 500 1349 "http://localhost:5555/" "Mozilla/5.0 (Windows NT 10.0; Win64; x64) AppleWebKit/537.36 (KHTML, like Gecko) Chrome/100.0.4896.127 Safari/537.36"
::1 - - [27/Apr/2022:16:01:26 +0000] "POST /app/flip/coins/ HTTP/1.1" 500 1349 "http://localhost:5555/" "Mozilla/5.0 (Windows NT 10.0; Win64; x64) AppleWebKit/537.36 (KHTML, like Gecko) Chrome/100.0.4896.127 Safari/537.36"
::1 - - [27/Apr/2022:16:01:26 +0000] "POST /app/flip/coins/ HTTP/1.1" 500 1349 "http://localhost:5555/" "Mozilla/5.0 (Windows NT 10.0; Win64; x64) AppleWebKit/537.36 (KHTML, like Gecko) Chrome/100.0.4896.127 Safari/537.36"
::1 - - [27/Apr/2022:16:01:26 +0000] "POST /app/flip/coins/ HTTP/1.1" 500 1349 "http://localhost:5555/" "Mozilla/5.0 (Windows NT 10.0; Win64; x64) AppleWebKit/537.36 (KHTML, like Gecko) Chrome/100.0.4896.127 Safari/537.36"
::1 - - [27/Apr/2022:16:01:26 +0000] "POST /app/flip/coins/ HTTP/1.1" 500 1349 "http://localhost:5555/" "Mozilla/5.0 (Windows NT 10.0; Win64; x64) AppleWebKit/537.36 (KHTML, like Gecko) Chrome/100.0.4896.127 Safari/537.36"
::1 - - [27/Apr/2022:16:01:26 +0000] "POST /app/flip/coins/ HTTP/1.1" 500 1349 "http://localhost:5555/" "Mozilla/5.0 (Windows NT 10.0; Win64; x64) AppleWebKit/537.36 (KHTML, like Gecko) Chrome/100.0.4896.127 Safari/537.36"
::1 - - [27/Apr/2022:16:01:27 +0000] "POST /app/flip/coins/ HTTP/1.1" 500 1349 "http://localhost:5555/" "Mozilla/5.0 (Windows NT 10.0; Win64; x64) AppleWebKit/537.36 (KHTML, like Gecko) Chrome/100.0.4896.127 Safari/537.36"
::1 - - [27/Apr/2022:16:01:27 +0000] "POST /app/flip/coins/ HTTP/1.1" 500 1349 "http://localhost:5555/" "Mozilla/5.0 (Windows NT 10.0; Win64; x64) AppleWebKit/537.36 (KHTML, like Gecko) Chrome/100.0.4896.127 Safari/537.36"
::1 - - [27/Apr/2022:16:01:27 +0000] "POST /app/flip/coins/ HTTP/1.1" 500 1349 "http://localhost:5555/" "Mozilla/5.0 (Windows NT 10.0; Win64; x64) AppleWebKit/537.36 (KHTML, like Gecko) Chrome/100.0.4896.127 Safari/537.36"
::1 - - [27/Apr/2022:16:01:27 +0000] "POST /app/flip/coins/ HTTP/1.1" 500 1349 "http://localhost:5555/" "Mozilla/5.0 (Windows NT 10.0; Win64; x64) AppleWebKit/537.36 (KHTML, like Gecko) Chrome/100.0.4896.127 Safari/537.36"
::1 - - [27/Apr/2022:16:01:27 +0000] "POST /app/flip/coins/ HTTP/1.1" 500 1349 "http://localhost:5555/" "Mozilla/5.0 (Windows NT 10.0; Win64; x64) AppleWebKit/537.36 (KHTML, like Gecko) Chrome/100.0.4896.127 Safari/537.36"
::1 - - [27/Apr/2022:16:01:27 +0000] "POST /app/flip/coins/ HTTP/1.1" 500 1349 "http://localhost:5555/" "Mozilla/5.0 (Windows NT 10.0; Win64; x64) AppleWebKit/537.36 (KHTML, like Gecko) Chrome/100.0.4896.127 Safari/537.36"
::1 - - [27/Apr/2022:16:01:28 +0000] "POST /app/flip/coins/ HTTP/1.1" 500 1349 "http://localhost:5555/" "Mozilla/5.0 (Windows NT 10.0; Win64; x64) AppleWebKit/537.36 (KHTML, like Gecko) Chrome/100.0.4896.127 Safari/537.36"
::1 - - [27/Apr/2022:16:01:28 +0000] "POST /app/flip/coins/ HTTP/1.1" 500 1349 "http://localhost:5555/" "Mozilla/5.0 (Windows NT 10.0; Win64; x64) AppleWebKit/537.36 (KHTML, like Gecko) Chrome/100.0.4896.127 Safari/537.36"
::1 - - [27/Apr/2022:16:01:28 +0000] "POST /app/flip/coins/ HTTP/1.1" 500 1349 "http://localhost:5555/" "Mozilla/5.0 (Windows NT 10.0; Win64; x64) AppleWebKit/537.36 (KHTML, like Gecko) Chrome/100.0.4896.127 Safari/537.36"
::1 - - [27/Apr/2022:16:01:28 +0000] "POST /app/flip/coins/ HTTP/1.1" 500 1349 "http://localhost:5555/" "Mozilla/5.0 (Windows NT 10.0; Win64; x64) AppleWebKit/537.36 (KHTML, like Gecko) Chrome/100.0.4896.127 Safari/537.36"
::1 - - [27/Apr/2022:16:01:29 +0000] "POST /app/flip/coins/ HTTP/1.1" 500 1349 "http://localhost:5555/" "Mozilla/5.0 (Windows NT 10.0; Win64; x64) AppleWebKit/537.36 (KHTML, like Gecko) Chrome/100.0.4896.127 Safari/537.36"
::1 - - [27/Apr/2022:16:01:29 +0000] "POST /app/flip/coins/ HTTP/1.1" 500 1349 "http://localhost:5555/" "Mozilla/5.0 (Windows NT 10.0; Win64; x64) AppleWebKit/537.36 (KHTML, like Gecko) Chrome/100.0.4896.127 Safari/537.36"
::1 - - [27/Apr/2022:16:01:29 +0000] "POST /app/flip/coins/ HTTP/1.1" 500 1349 "http://localhost:5555/" "Mozilla/5.0 (Windows NT 10.0; Win64; x64) AppleWebKit/537.36 (KHTML, like Gecko) Chrome/100.0.4896.127 Safari/537.36"
::1 - - [27/Apr/2022:16:03:10 +0000] "GET / HTTP/1.1" 304 - "-" "Mozilla/5.0 (Windows NT 10.0; Win64; x64) AppleWebKit/537.36 (KHTML, like Gecko) Chrome/100.0.4896.127 Safari/537.36"
::1 - - [27/Apr/2022:16:03:10 +0000] "GET /style.css HTTP/1.1" 304 - "http://localhost:5555/" "Mozilla/5.0 (Windows NT 10.0; Win64; x64) AppleWebKit/537.36 (KHTML, like Gecko) Chrome/100.0.4896.127 Safari/537.36"
::1 - - [27/Apr/2022:16:03:10 +0000] "GET /assets/img/coin.png HTTP/1.1" 304 - "http://localhost:5555/" "Mozilla/5.0 (Windows NT 10.0; Win64; x64) AppleWebKit/537.36 (KHTML, like Gecko) Chrome/100.0.4896.127 Safari/537.36"
::1 - - [27/Apr/2022:16:03:10 +0000] "GET /main.js HTTP/1.1" 304 - "http://localhost:5555/" "Mozilla/5.0 (Windows NT 10.0; Win64; x64) AppleWebKit/537.36 (KHTML, like Gecko) Chrome/100.0.4896.127 Safari/537.36"
::1 - - [27/Apr/2022:16:03:10 +0000] "GET /assets/img/heads.png HTTP/1.1" 304 - "http://localhost:5555/" "Mozilla/5.0 (Windows NT 10.0; Win64; x64) AppleWebKit/537.36 (KHTML, like Gecko) Chrome/100.0.4896.127 Safari/537.36"
::1 - - [27/Apr/2022:16:03:10 +0000] "GET /assets/img/tails.png HTTP/1.1" 304 - "http://localhost:5555/" "Mozilla/5.0 (Windows NT 10.0; Win64; x64) AppleWebKit/537.36 (KHTML, like Gecko) Chrome/100.0.4896.127 Safari/537.36"
::1 - - [27/Apr/2022:16:03:10 +0000] "GET /assets/favicon/favicon-32x32.png HTTP/1.1" 304 - "http://localhost:5555/" "Mozilla/5.0 (Windows NT 10.0; Win64; x64) AppleWebKit/537.36 (KHTML, like Gecko) Chrome/100.0.4896.127 Safari/537.36"
::1 - - [27/Apr/2022:16:03:10 +0000] "GET /assets/favicon/manifest.json HTTP/1.1" 304 - "http://localhost:5555/" "Mozilla/5.0 (Windows NT 10.0; Win64; x64) AppleWebKit/537.36 (KHTML, like Gecko) Chrome/100.0.4896.127 Safari/537.36"
::1 - - [27/Apr/2022:16:03:12 +0000] "GET /app/flip HTTP/1.1" 304 - "http://localhost:5555/" "Mozilla/5.0 (Windows NT 10.0; Win64; x64) AppleWebKit/537.36 (KHTML, like Gecko) Chrome/100.0.4896.127 Safari/537.36"
::1 - - [27/Apr/2022:16:03:15 +0000] "POST /app/flip/coins/ HTTP/1.1" 200 65 "http://localhost:5555/" "Mozilla/5.0 (Windows NT 10.0; Win64; x64) AppleWebKit/537.36 (KHTML, like Gecko) Chrome/100.0.4896.127 Safari/537.36"
::1 - - [27/Apr/2022:16:03:18 +0000] "POST /app/flip/call/ HTTP/1.1" 200 46 "http://localhost:5555/" "Mozilla/5.0 (Windows NT 10.0; Win64; x64) AppleWebKit/537.36 (KHTML, like Gecko) Chrome/100.0.4896.127 Safari/537.36"
::1 - - [27/Apr/2022:16:03:20 +0000] "POST /app/flip/call/ HTTP/1.1" 200 46 "http://localhost:5555/" "Mozilla/5.0 (Windows NT 10.0; Win64; x64) AppleWebKit/537.36 (KHTML, like Gecko) Chrome/100.0.4896.127 Safari/537.36"
::1 - - [27/Apr/2022:16:03:22 +0000] "POST /app/flip/call/ HTTP/1.1" 200 46 "http://localhost:5555/" "Mozilla/5.0 (Windows NT 10.0; Win64; x64) AppleWebKit/537.36 (KHTML, like Gecko) Chrome/100.0.4896.127 Safari/537.36"
::1 - - [27/Apr/2022:16:03:22 +0000] "POST /app/flip/call/ HTTP/1.1" 200 46 "http://localhost:5555/" "Mozilla/5.0 (Windows NT 10.0; Win64; x64) AppleWebKit/537.36 (KHTML, like Gecko) Chrome/100.0.4896.127 Safari/537.36"
::1 - - [27/Apr/2022:16:03:22 +0000] "POST /app/flip/call/ HTTP/1.1" 200 47 "http://localhost:5555/" "Mozilla/5.0 (Windows NT 10.0; Win64; x64) AppleWebKit/537.36 (KHTML, like Gecko) Chrome/100.0.4896.127 Safari/537.36"
::1 - - [27/Apr/2022:16:03:23 +0000] "POST /app/flip/call/ HTTP/1.1" 200 46 "http://localhost:5555/" "Mozilla/5.0 (Windows NT 10.0; Win64; x64) AppleWebKit/537.36 (KHTML, like Gecko) Chrome/100.0.4896.127 Safari/537.36"
::1 - - [27/Apr/2022:16:03:23 +0000] "POST /app/flip/call/ HTTP/1.1" 200 46 "http://localhost:5555/" "Mozilla/5.0 (Windows NT 10.0; Win64; x64) AppleWebKit/537.36 (KHTML, like Gecko) Chrome/100.0.4896.127 Safari/537.36"
::1 - - [27/Apr/2022:16:04:12 +0000] "POST /app/flip/call/ HTTP/1.1" 200 47 "http://localhost:5555/" "Mozilla/5.0 (Windows NT 10.0; Win64; x64) AppleWebKit/537.36 (KHTML, like Gecko) Chrome/100.0.4896.127 Safari/537.36"
::1 - - [27/Apr/2022:16:05:10 +0000] "GET / HTTP/1.1" 200 4155 "-" "Mozilla/5.0 (Windows NT 10.0; Win64; x64) AppleWebKit/537.36 (KHTML, like Gecko) Chrome/100.0.4896.127 Safari/537.36"
::1 - - [27/Apr/2022:16:05:10 +0000] "GET /style.css HTTP/1.1" 304 - "http://localhost:5555/" "Mozilla/5.0 (Windows NT 10.0; Win64; x64) AppleWebKit/537.36 (KHTML, like Gecko) Chrome/100.0.4896.127 Safari/537.36"
::1 - - [27/Apr/2022:16:05:10 +0000] "GET /assets/img/coin.png HTTP/1.1" 304 - "http://localhost:5555/" "Mozilla/5.0 (Windows NT 10.0; Win64; x64) AppleWebKit/537.36 (KHTML, like Gecko) Chrome/100.0.4896.127 Safari/537.36"
::1 - - [27/Apr/2022:16:05:10 +0000] "GET /main.js HTTP/1.1" 304 - "http://localhost:5555/" "Mozilla/5.0 (Windows NT 10.0; Win64; x64) AppleWebKit/537.36 (KHTML, like Gecko) Chrome/100.0.4896.127 Safari/537.36"
::1 - - [27/Apr/2022:16:05:10 +0000] "GET /assets/img/heads.png HTTP/1.1" 304 - "http://localhost:5555/" "Mozilla/5.0 (Windows NT 10.0; Win64; x64) AppleWebKit/537.36 (KHTML, like Gecko) Chrome/100.0.4896.127 Safari/537.36"
::1 - - [27/Apr/2022:16:05:10 +0000] "GET /assets/img/tails.png HTTP/1.1" 304 - "http://localhost:5555/" "Mozilla/5.0 (Windows NT 10.0; Win64; x64) AppleWebKit/537.36 (KHTML, like Gecko) Chrome/100.0.4896.127 Safari/537.36"
::1 - - [27/Apr/2022:16:05:10 +0000] "GET /assets/favicon/favicon-32x32.png HTTP/1.1" 304 - "http://localhost:5555/" "Mozilla/5.0 (Windows NT 10.0; Win64; x64) AppleWebKit/537.36 (KHTML, like Gecko) Chrome/100.0.4896.127 Safari/537.36"
::1 - - [27/Apr/2022:16:05:10 +0000] "GET /assets/favicon/manifest.json HTTP/1.1" 304 - "http://localhost:5555/" "Mozilla/5.0 (Windows NT 10.0; Win64; x64) AppleWebKit/537.36 (KHTML, like Gecko) Chrome/100.0.4896.127 Safari/537.36"
::1 - - [27/Apr/2022:16:05:33 +0000] "GET / HTTP/1.1" 200 4163 "-" "Mozilla/5.0 (Windows NT 10.0; Win64; x64) AppleWebKit/537.36 (KHTML, like Gecko) Chrome/100.0.4896.127 Safari/537.36"
::1 - - [27/Apr/2022:16:05:33 +0000] "GET /style.css HTTP/1.1" 304 - "http://localhost:5555/" "Mozilla/5.0 (Windows NT 10.0; Win64; x64) AppleWebKit/537.36 (KHTML, like Gecko) Chrome/100.0.4896.127 Safari/537.36"
::1 - - [27/Apr/2022:16:05:33 +0000] "GET /assets/img/coin.png HTTP/1.1" 304 - "http://localhost:5555/" "Mozilla/5.0 (Windows NT 10.0; Win64; x64) AppleWebKit/537.36 (KHTML, like Gecko) Chrome/100.0.4896.127 Safari/537.36"
::1 - - [27/Apr/2022:16:05:33 +0000] "GET /main.js HTTP/1.1" 304 - "http://localhost:5555/" "Mozilla/5.0 (Windows NT 10.0; Win64; x64) AppleWebKit/537.36 (KHTML, like Gecko) Chrome/100.0.4896.127 Safari/537.36"
::1 - - [27/Apr/2022:16:05:33 +0000] "GET /assets/img/heads.png HTTP/1.1" 304 - "http://localhost:5555/" "Mozilla/5.0 (Windows NT 10.0; Win64; x64) AppleWebKit/537.36 (KHTML, like Gecko) Chrome/100.0.4896.127 Safari/537.36"
::1 - - [27/Apr/2022:16:05:33 +0000] "GET /assets/img/tails.png HTTP/1.1" 304 - "http://localhost:5555/" "Mozilla/5.0 (Windows NT 10.0; Win64; x64) AppleWebKit/537.36 (KHTML, like Gecko) Chrome/100.0.4896.127 Safari/537.36"
::1 - - [27/Apr/2022:16:05:33 +0000] "GET /assets/favicon/favicon-32x32.png HTTP/1.1" 304 - "http://localhost:5555/" "Mozilla/5.0 (Windows NT 10.0; Win64; x64) AppleWebKit/537.36 (KHTML, like Gecko) Chrome/100.0.4896.127 Safari/537.36"
::1 - - [27/Apr/2022:16:05:33 +0000] "GET /assets/favicon/manifest.json HTTP/1.1" 304 - "http://localhost:5555/" "Mozilla/5.0 (Windows NT 10.0; Win64; x64) AppleWebKit/537.36 (KHTML, like Gecko) Chrome/100.0.4896.127 Safari/537.36"
::1 - - [27/Apr/2022:16:07:27 +0000] "GET / HTTP/1.1" 200 4159 "-" "Mozilla/5.0 (Windows NT 10.0; Win64; x64) AppleWebKit/537.36 (KHTML, like Gecko) Chrome/100.0.4896.127 Safari/537.36"
::1 - - [27/Apr/2022:16:07:27 +0000] "GET /style.css HTTP/1.1" 304 - "http://localhost:5555/" "Mozilla/5.0 (Windows NT 10.0; Win64; x64) AppleWebKit/537.36 (KHTML, like Gecko) Chrome/100.0.4896.127 Safari/537.36"
::1 - - [27/Apr/2022:16:07:27 +0000] "GET /assets/img/coin.png HTTP/1.1" 304 - "http://localhost:5555/" "Mozilla/5.0 (Windows NT 10.0; Win64; x64) AppleWebKit/537.36 (KHTML, like Gecko) Chrome/100.0.4896.127 Safari/537.36"
::1 - - [27/Apr/2022:16:07:27 +0000] "GET /main.js HTTP/1.1" 304 - "http://localhost:5555/" "Mozilla/5.0 (Windows NT 10.0; Win64; x64) AppleWebKit/537.36 (KHTML, like Gecko) Chrome/100.0.4896.127 Safari/537.36"
::1 - - [27/Apr/2022:16:07:27 +0000] "GET /assets/img/heads.png HTTP/1.1" 304 - "http://localhost:5555/" "Mozilla/5.0 (Windows NT 10.0; Win64; x64) AppleWebKit/537.36 (KHTML, like Gecko) Chrome/100.0.4896.127 Safari/537.36"
::1 - - [27/Apr/2022:16:07:27 +0000] "GET /assets/img/tails.png HTTP/1.1" 304 - "http://localhost:5555/" "Mozilla/5.0 (Windows NT 10.0; Win64; x64) AppleWebKit/537.36 (KHTML, like Gecko) Chrome/100.0.4896.127 Safari/537.36"
::1 - - [27/Apr/2022:16:07:27 +0000] "GET /assets/favicon/manifest.json HTTP/1.1" 304 - "http://localhost:5555/" "Mozilla/5.0 (Windows NT 10.0; Win64; x64) AppleWebKit/537.36 (KHTML, like Gecko) Chrome/100.0.4896.127 Safari/537.36"
::1 - - [27/Apr/2022:16:07:27 +0000] "GET /assets/favicon/favicon-32x32.png HTTP/1.1" 304 - "http://localhost:5555/" "Mozilla/5.0 (Windows NT 10.0; Win64; x64) AppleWebKit/537.36 (KHTML, like Gecko) Chrome/100.0.4896.127 Safari/537.36"
::1 - - [27/Apr/2022:16:07:39 +0000] "GET /app/flip HTTP/1.1" 200 16 "http://localhost:5555/" "Mozilla/5.0 (Windows NT 10.0; Win64; x64) AppleWebKit/537.36 (KHTML, like Gecko) Chrome/100.0.4896.127 Safari/537.36"
::1 - - [27/Apr/2022:16:13:23 +0000] "GET / HTTP/1.1" 200 4540 "-" "Mozilla/5.0 (Windows NT 10.0; Win64; x64) AppleWebKit/537.36 (KHTML, like Gecko) Chrome/100.0.4896.127 Safari/537.36"
::1 - - [27/Apr/2022:16:13:23 +0000] "GET /style.css HTTP/1.1" 304 - "http://localhost:5555/" "Mozilla/5.0 (Windows NT 10.0; Win64; x64) AppleWebKit/537.36 (KHTML, like Gecko) Chrome/100.0.4896.127 Safari/537.36"
::1 - - [27/Apr/2022:16:13:23 +0000] "GET /assets/img/coin.png HTTP/1.1" 304 - "http://localhost:5555/" "Mozilla/5.0 (Windows NT 10.0; Win64; x64) AppleWebKit/537.36 (KHTML, like Gecko) Chrome/100.0.4896.127 Safari/537.36"
::1 - - [27/Apr/2022:16:13:23 +0000] "GET /main.js HTTP/1.1" 304 - "http://localhost:5555/" "Mozilla/5.0 (Windows NT 10.0; Win64; x64) AppleWebKit/537.36 (KHTML, like Gecko) Chrome/100.0.4896.127 Safari/537.36"
::1 - - [27/Apr/2022:16:13:23 +0000] "GET /assets/img/heads.png HTTP/1.1" 304 - "http://localhost:5555/" "Mozilla/5.0 (Windows NT 10.0; Win64; x64) AppleWebKit/537.36 (KHTML, like Gecko) Chrome/100.0.4896.127 Safari/537.36"
::1 - - [27/Apr/2022:16:13:23 +0000] "GET /assets/img/tails.png HTTP/1.1" 304 - "http://localhost:5555/" "Mozilla/5.0 (Windows NT 10.0; Win64; x64) AppleWebKit/537.36 (KHTML, like Gecko) Chrome/100.0.4896.127 Safari/537.36"
::1 - - [27/Apr/2022:16:13:23 +0000] "GET /assets/favicon/manifest.json HTTP/1.1" 304 - "http://localhost:5555/" "Mozilla/5.0 (Windows NT 10.0; Win64; x64) AppleWebKit/537.36 (KHTML, like Gecko) Chrome/100.0.4896.127 Safari/537.36"
::1 - - [27/Apr/2022:16:13:23 +0000] "GET /assets/favicon/favicon-32x32.png HTTP/1.1" 304 - "http://localhost:5555/" "Mozilla/5.0 (Windows NT 10.0; Win64; x64) AppleWebKit/537.36 (KHTML, like Gecko) Chrome/100.0.4896.127 Safari/537.36"
::1 - - [27/Apr/2022:16:14:26 +0000] "GET / HTTP/1.1" 200 4415 "-" "Mozilla/5.0 (Windows NT 10.0; Win64; x64) AppleWebKit/537.36 (KHTML, like Gecko) Chrome/100.0.4896.127 Safari/537.36"
::1 - - [27/Apr/2022:16:14:26 +0000] "GET /style.css HTTP/1.1" 304 - "http://localhost:5555/" "Mozilla/5.0 (Windows NT 10.0; Win64; x64) AppleWebKit/537.36 (KHTML, like Gecko) Chrome/100.0.4896.127 Safari/537.36"
::1 - - [27/Apr/2022:16:14:26 +0000] "GET /assets/img/coin.png HTTP/1.1" 304 - "http://localhost:5555/" "Mozilla/5.0 (Windows NT 10.0; Win64; x64) AppleWebKit/537.36 (KHTML, like Gecko) Chrome/100.0.4896.127 Safari/537.36"
::1 - - [27/Apr/2022:16:14:26 +0000] "GET /main.js HTTP/1.1" 304 - "http://localhost:5555/" "Mozilla/5.0 (Windows NT 10.0; Win64; x64) AppleWebKit/537.36 (KHTML, like Gecko) Chrome/100.0.4896.127 Safari/537.36"
::1 - - [27/Apr/2022:16:14:26 +0000] "GET /assets/img/heads.png HTTP/1.1" 304 - "http://localhost:5555/" "Mozilla/5.0 (Windows NT 10.0; Win64; x64) AppleWebKit/537.36 (KHTML, like Gecko) Chrome/100.0.4896.127 Safari/537.36"
::1 - - [27/Apr/2022:16:14:26 +0000] "GET /assets/img/tails.png HTTP/1.1" 304 - "http://localhost:5555/" "Mozilla/5.0 (Windows NT 10.0; Win64; x64) AppleWebKit/537.36 (KHTML, like Gecko) Chrome/100.0.4896.127 Safari/537.36"
::1 - - [27/Apr/2022:16:14:26 +0000] "GET /assets/favicon/favicon-32x32.png HTTP/1.1" 304 - "http://localhost:5555/" "Mozilla/5.0 (Windows NT 10.0; Win64; x64) AppleWebKit/537.36 (KHTML, like Gecko) Chrome/100.0.4896.127 Safari/537.36"
::1 - - [27/Apr/2022:16:14:26 +0000] "GET /assets/favicon/manifest.json HTTP/1.1" 304 - "http://localhost:5555/" "Mozilla/5.0 (Windows NT 10.0; Win64; x64) AppleWebKit/537.36 (KHTML, like Gecko) Chrome/100.0.4896.127 Safari/537.36"
::1 - - [27/Apr/2022:16:14:46 +0000] "GET / HTTP/1.1" 200 4420 "-" "Mozilla/5.0 (Windows NT 10.0; Win64; x64) AppleWebKit/537.36 (KHTML, like Gecko) Chrome/100.0.4896.127 Safari/537.36"
::1 - - [27/Apr/2022:16:14:46 +0000] "GET /style.css HTTP/1.1" 304 - "http://localhost:5555/" "Mozilla/5.0 (Windows NT 10.0; Win64; x64) AppleWebKit/537.36 (KHTML, like Gecko) Chrome/100.0.4896.127 Safari/537.36"
::1 - - [27/Apr/2022:16:14:46 +0000] "GET /assets/img/coin.png HTTP/1.1" 304 - "http://localhost:5555/" "Mozilla/5.0 (Windows NT 10.0; Win64; x64) AppleWebKit/537.36 (KHTML, like Gecko) Chrome/100.0.4896.127 Safari/537.36"
::1 - - [27/Apr/2022:16:14:46 +0000] "GET /main.js HTTP/1.1" 304 - "http://localhost:5555/" "Mozilla/5.0 (Windows NT 10.0; Win64; x64) AppleWebKit/537.36 (KHTML, like Gecko) Chrome/100.0.4896.127 Safari/537.36"
::1 - - [27/Apr/2022:16:14:46 +0000] "GET /assets/img/heads.png HTTP/1.1" 304 - "http://localhost:5555/" "Mozilla/5.0 (Windows NT 10.0; Win64; x64) AppleWebKit/537.36 (KHTML, like Gecko) Chrome/100.0.4896.127 Safari/537.36"
::1 - - [27/Apr/2022:16:14:46 +0000] "GET /assets/img/tails.png HTTP/1.1" 304 - "http://localhost:5555/" "Mozilla/5.0 (Windows NT 10.0; Win64; x64) AppleWebKit/537.36 (KHTML, like Gecko) Chrome/100.0.4896.127 Safari/537.36"
::1 - - [27/Apr/2022:16:14:46 +0000] "GET /assets/favicon/manifest.json HTTP/1.1" 304 - "http://localhost:5555/" "Mozilla/5.0 (Windows NT 10.0; Win64; x64) AppleWebKit/537.36 (KHTML, like Gecko) Chrome/100.0.4896.127 Safari/537.36"
::1 - - [27/Apr/2022:16:14:46 +0000] "GET /assets/favicon/favicon-32x32.png HTTP/1.1" 304 - "http://localhost:5555/" "Mozilla/5.0 (Windows NT 10.0; Win64; x64) AppleWebKit/537.36 (KHTML, like Gecko) Chrome/100.0.4896.127 Safari/537.36"
::1 - - [27/Apr/2022:16:22:07 +0000] "GET / HTTP/1.1" 304 - "-" "Mozilla/5.0 (Windows NT 10.0; Win64; x64) AppleWebKit/537.36 (KHTML, like Gecko) Chrome/100.0.4896.127 Safari/537.36"
::1 - - [27/Apr/2022:16:22:07 +0000] "GET /style.css HTTP/1.1" 304 - "http://localhost:5555/" "Mozilla/5.0 (Windows NT 10.0; Win64; x64) AppleWebKit/537.36 (KHTML, like Gecko) Chrome/100.0.4896.127 Safari/537.36"
::1 - - [27/Apr/2022:16:22:07 +0000] "GET /assets/img/coin.png HTTP/1.1" 304 - "http://localhost:5555/" "Mozilla/5.0 (Windows NT 10.0; Win64; x64) AppleWebKit/537.36 (KHTML, like Gecko) Chrome/100.0.4896.127 Safari/537.36"
::1 - - [27/Apr/2022:16:22:07 +0000] "GET /main.js HTTP/1.1" 304 - "http://localhost:5555/" "Mozilla/5.0 (Windows NT 10.0; Win64; x64) AppleWebKit/537.36 (KHTML, like Gecko) Chrome/100.0.4896.127 Safari/537.36"
::1 - - [27/Apr/2022:16:22:07 +0000] "GET /assets/img/heads.png HTTP/1.1" 304 - "http://localhost:5555/" "Mozilla/5.0 (Windows NT 10.0; Win64; x64) AppleWebKit/537.36 (KHTML, like Gecko) Chrome/100.0.4896.127 Safari/537.36"
::1 - - [27/Apr/2022:16:22:07 +0000] "GET /assets/img/tails.png HTTP/1.1" 304 - "http://localhost:5555/" "Mozilla/5.0 (Windows NT 10.0; Win64; x64) AppleWebKit/537.36 (KHTML, like Gecko) Chrome/100.0.4896.127 Safari/537.36"
::1 - - [27/Apr/2022:16:22:08 +0000] "GET /assets/favicon/favicon-32x32.png HTTP/1.1" 304 - "http://localhost:5555/" "Mozilla/5.0 (Windows NT 10.0; Win64; x64) AppleWebKit/537.36 (KHTML, like Gecko) Chrome/100.0.4896.127 Safari/537.36"
::1 - - [27/Apr/2022:16:22:08 +0000] "GET /assets/favicon/manifest.json HTTP/1.1" 304 - "http://localhost:5555/" "Mozilla/5.0 (Windows NT 10.0; Win64; x64) AppleWebKit/537.36 (KHTML, like Gecko) Chrome/100.0.4896.127 Safari/537.36"
::1 - - [27/Apr/2022:16:22:10 +0000] "POST /app/flip/call/ HTTP/1.1" 200 46 "http://localhost:5555/" "Mozilla/5.0 (Windows NT 10.0; Win64; x64) AppleWebKit/537.36 (KHTML, like Gecko) Chrome/100.0.4896.127 Safari/537.36"
::1 - - [27/Apr/2022:16:22:11 +0000] "POST /app/flip/call/ HTTP/1.1" 200 46 "http://localhost:5555/" "Mozilla/5.0 (Windows NT 10.0; Win64; x64) AppleWebKit/537.36 (KHTML, like Gecko) Chrome/100.0.4896.127 Safari/537.36"
::1 - - [27/Apr/2022:16:22:13 +0000] "POST /app/flip/call/ HTTP/1.1" 200 47 "http://localhost:5555/" "Mozilla/5.0 (Windows NT 10.0; Win64; x64) AppleWebKit/537.36 (KHTML, like Gecko) Chrome/100.0.4896.127 Safari/537.36"
::1 - - [27/Apr/2022:16:22:16 +0000] "POST /app/flip/call/ HTTP/1.1" 200 46 "http://localhost:5555/" "Mozilla/5.0 (Windows NT 10.0; Win64; x64) AppleWebKit/537.36 (KHTML, like Gecko) Chrome/100.0.4896.127 Safari/537.36"
::1 - - [27/Apr/2022:16:22:18 +0000] "POST /app/flip/call/ HTTP/1.1" 200 46 "http://localhost:5555/" "Mozilla/5.0 (Windows NT 10.0; Win64; x64) AppleWebKit/537.36 (KHTML, like Gecko) Chrome/100.0.4896.127 Safari/537.36"
::1 - - [27/Apr/2022:16:22:31 +0000] "GET / HTTP/1.1" 304 - "-" "Mozilla/5.0 (Windows NT 10.0; Win64; x64) AppleWebKit/537.36 (KHTML, like Gecko) Chrome/100.0.4896.127 Safari/537.36"
::1 - - [27/Apr/2022:16:22:31 +0000] "GET /style.css HTTP/1.1" 304 - "http://localhost:5555/" "Mozilla/5.0 (Windows NT 10.0; Win64; x64) AppleWebKit/537.36 (KHTML, like Gecko) Chrome/100.0.4896.127 Safari/537.36"
::1 - - [27/Apr/2022:16:22:31 +0000] "GET /assets/img/coin.png HTTP/1.1" 304 - "http://localhost:5555/" "Mozilla/5.0 (Windows NT 10.0; Win64; x64) AppleWebKit/537.36 (KHTML, like Gecko) Chrome/100.0.4896.127 Safari/537.36"
::1 - - [27/Apr/2022:16:22:31 +0000] "GET /main.js HTTP/1.1" 304 - "http://localhost:5555/" "Mozilla/5.0 (Windows NT 10.0; Win64; x64) AppleWebKit/537.36 (KHTML, like Gecko) Chrome/100.0.4896.127 Safari/537.36"
::1 - - [27/Apr/2022:16:22:31 +0000] "GET /assets/img/heads.png HTTP/1.1" 304 - "http://localhost:5555/" "Mozilla/5.0 (Windows NT 10.0; Win64; x64) AppleWebKit/537.36 (KHTML, like Gecko) Chrome/100.0.4896.127 Safari/537.36"
::1 - - [27/Apr/2022:16:22:31 +0000] "GET /assets/img/tails.png HTTP/1.1" 304 - "http://localhost:5555/" "Mozilla/5.0 (Windows NT 10.0; Win64; x64) AppleWebKit/537.36 (KHTML, like Gecko) Chrome/100.0.4896.127 Safari/537.36"
::1 - - [27/Apr/2022:16:22:31 +0000] "GET /assets/favicon/favicon-32x32.png HTTP/1.1" 304 - "http://localhost:5555/" "Mozilla/5.0 (Windows NT 10.0; Win64; x64) AppleWebKit/537.36 (KHTML, like Gecko) Chrome/100.0.4896.127 Safari/537.36"
::1 - - [27/Apr/2022:16:22:31 +0000] "GET /assets/favicon/manifest.json HTTP/1.1" 304 - "http://localhost:5555/" "Mozilla/5.0 (Windows NT 10.0; Win64; x64) AppleWebKit/537.36 (KHTML, like Gecko) Chrome/100.0.4896.127 Safari/537.36"
::1 - - [27/Apr/2022:16:22:34 +0000] "POST /app/flip/call/ HTTP/1.1" 200 47 "http://localhost:5555/" "Mozilla/5.0 (Windows NT 10.0; Win64; x64) AppleWebKit/537.36 (KHTML, like Gecko) Chrome/100.0.4896.127 Safari/537.36"
::1 - - [27/Apr/2022:16:22:36 +0000] "POST /app/flip/call/ HTTP/1.1" 200 47 "http://localhost:5555/" "Mozilla/5.0 (Windows NT 10.0; Win64; x64) AppleWebKit/537.36 (KHTML, like Gecko) Chrome/100.0.4896.127 Safari/537.36"
::1 - - [27/Apr/2022:16:22:52 +0000] "GET / HTTP/1.1" 304 - "-" "Mozilla/5.0 (Windows NT 10.0; Win64; x64) AppleWebKit/537.36 (KHTML, like Gecko) Chrome/100.0.4896.127 Safari/537.36"
::1 - - [27/Apr/2022:16:22:52 +0000] "GET /style.css HTTP/1.1" 304 - "http://localhost:5555/" "Mozilla/5.0 (Windows NT 10.0; Win64; x64) AppleWebKit/537.36 (KHTML, like Gecko) Chrome/100.0.4896.127 Safari/537.36"
::1 - - [27/Apr/2022:16:22:52 +0000] "GET /assets/img/coin.png HTTP/1.1" 304 - "http://localhost:5555/" "Mozilla/5.0 (Windows NT 10.0; Win64; x64) AppleWebKit/537.36 (KHTML, like Gecko) Chrome/100.0.4896.127 Safari/537.36"
::1 - - [27/Apr/2022:16:22:52 +0000] "GET /main.js HTTP/1.1" 304 - "http://localhost:5555/" "Mozilla/5.0 (Windows NT 10.0; Win64; x64) AppleWebKit/537.36 (KHTML, like Gecko) Chrome/100.0.4896.127 Safari/537.36"
::1 - - [27/Apr/2022:16:22:52 +0000] "GET /assets/img/heads.png HTTP/1.1" 304 - "http://localhost:5555/" "Mozilla/5.0 (Windows NT 10.0; Win64; x64) AppleWebKit/537.36 (KHTML, like Gecko) Chrome/100.0.4896.127 Safari/537.36"
::1 - - [27/Apr/2022:16:22:52 +0000] "GET /assets/img/tails.png HTTP/1.1" 304 - "http://localhost:5555/" "Mozilla/5.0 (Windows NT 10.0; Win64; x64) AppleWebKit/537.36 (KHTML, like Gecko) Chrome/100.0.4896.127 Safari/537.36"
::1 - - [27/Apr/2022:16:22:52 +0000] "GET /assets/favicon/manifest.json HTTP/1.1" 304 - "http://localhost:5555/" "Mozilla/5.0 (Windows NT 10.0; Win64; x64) AppleWebKit/537.36 (KHTML, like Gecko) Chrome/100.0.4896.127 Safari/537.36"
::1 - - [27/Apr/2022:16:22:52 +0000] "GET /assets/favicon/favicon-32x32.png HTTP/1.1" 304 - "http://localhost:5555/" "Mozilla/5.0 (Windows NT 10.0; Win64; x64) AppleWebKit/537.36 (KHTML, like Gecko) Chrome/100.0.4896.127 Safari/537.36"
::1 - - [27/Apr/2022:16:22:54 +0000] "POST /app/flip/call/ HTTP/1.1" 200 47 "http://localhost:5555/" "Mozilla/5.0 (Windows NT 10.0; Win64; x64) AppleWebKit/537.36 (KHTML, like Gecko) Chrome/100.0.4896.127 Safari/537.36"
::1 - - [27/Apr/2022:16:22:55 +0000] "POST /app/flip/call/ HTTP/1.1" 200 46 "http://localhost:5555/" "Mozilla/5.0 (Windows NT 10.0; Win64; x64) AppleWebKit/537.36 (KHTML, like Gecko) Chrome/100.0.4896.127 Safari/537.36"
::1 - - [27/Apr/2022:16:29:50 +0000] "GET / HTTP/1.1" 304 - "-" "Mozilla/5.0 (Windows NT 10.0; Win64; x64) AppleWebKit/537.36 (KHTML, like Gecko) Chrome/100.0.4896.127 Safari/537.36"
::1 - - [27/Apr/2022:16:29:50 +0000] "GET /style.css HTTP/1.1" 304 - "http://localhost:5555/" "Mozilla/5.0 (Windows NT 10.0; Win64; x64) AppleWebKit/537.36 (KHTML, like Gecko) Chrome/100.0.4896.127 Safari/537.36"
::1 - - [27/Apr/2022:16:29:50 +0000] "GET /assets/img/coin.png HTTP/1.1" 304 - "http://localhost:5555/" "Mozilla/5.0 (Windows NT 10.0; Win64; x64) AppleWebKit/537.36 (KHTML, like Gecko) Chrome/100.0.4896.127 Safari/537.36"
::1 - - [27/Apr/2022:16:29:50 +0000] "GET /main.js HTTP/1.1" 304 - "http://localhost:5555/" "Mozilla/5.0 (Windows NT 10.0; Win64; x64) AppleWebKit/537.36 (KHTML, like Gecko) Chrome/100.0.4896.127 Safari/537.36"
::1 - - [27/Apr/2022:16:29:50 +0000] "GET /assets/img/heads.png HTTP/1.1" 304 - "http://localhost:5555/" "Mozilla/5.0 (Windows NT 10.0; Win64; x64) AppleWebKit/537.36 (KHTML, like Gecko) Chrome/100.0.4896.127 Safari/537.36"
::1 - - [27/Apr/2022:16:29:50 +0000] "GET /assets/img/tails.png HTTP/1.1" 304 - "http://localhost:5555/" "Mozilla/5.0 (Windows NT 10.0; Win64; x64) AppleWebKit/537.36 (KHTML, like Gecko) Chrome/100.0.4896.127 Safari/537.36"
::1 - - [27/Apr/2022:16:29:51 +0000] "GET /assets/favicon/manifest.json HTTP/1.1" 304 - "http://localhost:5555/" "Mozilla/5.0 (Windows NT 10.0; Win64; x64) AppleWebKit/537.36 (KHTML, like Gecko) Chrome/100.0.4896.127 Safari/537.36"
::1 - - [27/Apr/2022:16:29:51 +0000] "GET /assets/favicon/favicon-32x32.png HTTP/1.1" 304 - "http://localhost:5555/" "Mozilla/5.0 (Windows NT 10.0; Win64; x64) AppleWebKit/537.36 (KHTML, like Gecko) Chrome/100.0.4896.127 Safari/537.36"
::1 - - [27/Apr/2022:16:29:53 +0000] "POST /app/flip/call/ HTTP/1.1" 200 47 "http://localhost:5555/" "Mozilla/5.0 (Windows NT 10.0; Win64; x64) AppleWebKit/537.36 (KHTML, like Gecko) Chrome/100.0.4896.127 Safari/537.36"
::1 - - [27/Apr/2022:16:29:56 +0000] "POST /app/flip/coins/ HTTP/1.1" 200 65 "http://localhost:5555/" "Mozilla/5.0 (Windows NT 10.0; Win64; x64) AppleWebKit/537.36 (KHTML, like Gecko) Chrome/100.0.4896.127 Safari/537.36"
::1 - - [27/Apr/2022:16:30:27 +0000] "GET / HTTP/1.1" 304 - "-" "Mozilla/5.0 (Windows NT 10.0; Win64; x64) AppleWebKit/537.36 (KHTML, like Gecko) Chrome/100.0.4896.127 Safari/537.36"
::1 - - [27/Apr/2022:16:30:27 +0000] "GET /style.css HTTP/1.1" 304 - "http://localhost:5555/" "Mozilla/5.0 (Windows NT 10.0; Win64; x64) AppleWebKit/537.36 (KHTML, like Gecko) Chrome/100.0.4896.127 Safari/537.36"
::1 - - [27/Apr/2022:16:30:27 +0000] "GET /assets/img/coin.png HTTP/1.1" 304 - "http://localhost:5555/" "Mozilla/5.0 (Windows NT 10.0; Win64; x64) AppleWebKit/537.36 (KHTML, like Gecko) Chrome/100.0.4896.127 Safari/537.36"
::1 - - [27/Apr/2022:16:30:27 +0000] "GET /assets/img/heads.png HTTP/1.1" 304 - "http://localhost:5555/" "Mozilla/5.0 (Windows NT 10.0; Win64; x64) AppleWebKit/537.36 (KHTML, like Gecko) Chrome/100.0.4896.127 Safari/537.36"
::1 - - [27/Apr/2022:16:30:27 +0000] "GET /assets/img/tails.png HTTP/1.1" 304 - "http://localhost:5555/" "Mozilla/5.0 (Windows NT 10.0; Win64; x64) AppleWebKit/537.36 (KHTML, like Gecko) Chrome/100.0.4896.127 Safari/537.36"
::1 - - [27/Apr/2022:16:30:27 +0000] "GET /main.js HTTP/1.1" 304 - "http://localhost:5555/" "Mozilla/5.0 (Windows NT 10.0; Win64; x64) AppleWebKit/537.36 (KHTML, like Gecko) Chrome/100.0.4896.127 Safari/537.36"
::1 - - [27/Apr/2022:16:30:27 +0000] "GET /assets/favicon/favicon-32x32.png HTTP/1.1" 304 - "http://localhost:5555/" "Mozilla/5.0 (Windows NT 10.0; Win64; x64) AppleWebKit/537.36 (KHTML, like Gecko) Chrome/100.0.4896.127 Safari/537.36"
::1 - - [27/Apr/2022:16:30:27 +0000] "GET /assets/favicon/manifest.json HTTP/1.1" 304 - "http://localhost:5555/" "Mozilla/5.0 (Windows NT 10.0; Win64; x64) AppleWebKit/537.36 (KHTML, like Gecko) Chrome/100.0.4896.127 Safari/537.36"
::1 - - [27/Apr/2022:16:30:30 +0000] "POST /app/flip/call/ HTTP/1.1" 200 46 "http://localhost:5555/" "Mozilla/5.0 (Windows NT 10.0; Win64; x64) AppleWebKit/537.36 (KHTML, like Gecko) Chrome/100.0.4896.127 Safari/537.36"
::1 - - [27/Apr/2022:16:30:32 +0000] "POST /app/flip/coins/ HTTP/1.1" 200 55 "http://localhost:5555/" "Mozilla/5.0 (Windows NT 10.0; Win64; x64) AppleWebKit/537.36 (KHTML, like Gecko) Chrome/100.0.4896.127 Safari/537.36"
::1 - - [27/Apr/2022:16:34:07 +0000] "GET / HTTP/1.1" 304 - "-" "Mozilla/5.0 (Windows NT 10.0; Win64; x64) AppleWebKit/537.36 (KHTML, like Gecko) Chrome/100.0.4896.127 Safari/537.36"
::1 - - [27/Apr/2022:16:34:07 +0000] "GET /style.css HTTP/1.1" 304 - "http://localhost:5555/" "Mozilla/5.0 (Windows NT 10.0; Win64; x64) AppleWebKit/537.36 (KHTML, like Gecko) Chrome/100.0.4896.127 Safari/537.36"
::1 - - [27/Apr/2022:16:34:07 +0000] "GET /assets/img/coin.png HTTP/1.1" 304 - "http://localhost:5555/" "Mozilla/5.0 (Windows NT 10.0; Win64; x64) AppleWebKit/537.36 (KHTML, like Gecko) Chrome/100.0.4896.127 Safari/537.36"
::1 - - [27/Apr/2022:16:34:07 +0000] "GET /main.js HTTP/1.1" 304 - "http://localhost:5555/" "Mozilla/5.0 (Windows NT 10.0; Win64; x64) AppleWebKit/537.36 (KHTML, like Gecko) Chrome/100.0.4896.127 Safari/537.36"
::1 - - [27/Apr/2022:16:34:07 +0000] "GET /assets/img/heads.png HTTP/1.1" 304 - "http://localhost:5555/" "Mozilla/5.0 (Windows NT 10.0; Win64; x64) AppleWebKit/537.36 (KHTML, like Gecko) Chrome/100.0.4896.127 Safari/537.36"
::1 - - [27/Apr/2022:16:34:07 +0000] "GET /assets/img/tails.png HTTP/1.1" 304 - "http://localhost:5555/" "Mozilla/5.0 (Windows NT 10.0; Win64; x64) AppleWebKit/537.36 (KHTML, like Gecko) Chrome/100.0.4896.127 Safari/537.36"
::1 - - [27/Apr/2022:16:34:07 +0000] "GET /assets/favicon/favicon-32x32.png HTTP/1.1" 304 - "http://localhost:5555/" "Mozilla/5.0 (Windows NT 10.0; Win64; x64) AppleWebKit/537.36 (KHTML, like Gecko) Chrome/100.0.4896.127 Safari/537.36"
::1 - - [27/Apr/2022:16:34:07 +0000] "GET /assets/favicon/manifest.json HTTP/1.1" 304 - "http://localhost:5555/" "Mozilla/5.0 (Windows NT 10.0; Win64; x64) AppleWebKit/537.36 (KHTML, like Gecko) Chrome/100.0.4896.127 Safari/537.36"
::1 - - [27/Apr/2022:16:34:09 +0000] "POST /app/flip/coins/ HTTP/1.1" 200 65 "http://localhost:5555/" "Mozilla/5.0 (Windows NT 10.0; Win64; x64) AppleWebKit/537.36 (KHTML, like Gecko) Chrome/100.0.4896.127 Safari/537.36"
::1 - - [27/Apr/2022:16:34:10 +0000] "POST /app/flip/coins/ HTTP/1.1" 200 55 "http://localhost:5555/" "Mozilla/5.0 (Windows NT 10.0; Win64; x64) AppleWebKit/537.36 (KHTML, like Gecko) Chrome/100.0.4896.127 Safari/537.36"
::1 - - [27/Apr/2022:16:34:11 +0000] "POST /app/flip/call/ HTTP/1.1" 200 47 "http://localhost:5555/" "Mozilla/5.0 (Windows NT 10.0; Win64; x64) AppleWebKit/537.36 (KHTML, like Gecko) Chrome/100.0.4896.127 Safari/537.36"
::1 - - [27/Apr/2022:16:34:39 +0000] "GET / HTTP/1.1" 304 - "-" "Mozilla/5.0 (Windows NT 10.0; Win64; x64) AppleWebKit/537.36 (KHTML, like Gecko) Chrome/100.0.4896.127 Safari/537.36"
::1 - - [27/Apr/2022:16:34:39 +0000] "GET /style.css HTTP/1.1" 304 - "http://localhost:5555/" "Mozilla/5.0 (Windows NT 10.0; Win64; x64) AppleWebKit/537.36 (KHTML, like Gecko) Chrome/100.0.4896.127 Safari/537.36"
::1 - - [27/Apr/2022:16:34:39 +0000] "GET /assets/img/coin.png HTTP/1.1" 304 - "http://localhost:5555/" "Mozilla/5.0 (Windows NT 10.0; Win64; x64) AppleWebKit/537.36 (KHTML, like Gecko) Chrome/100.0.4896.127 Safari/537.36"
::1 - - [27/Apr/2022:16:34:39 +0000] "GET /main.js HTTP/1.1" 304 - "http://localhost:5555/" "Mozilla/5.0 (Windows NT 10.0; Win64; x64) AppleWebKit/537.36 (KHTML, like Gecko) Chrome/100.0.4896.127 Safari/537.36"
::1 - - [27/Apr/2022:16:34:40 +0000] "GET /assets/img/heads.png HTTP/1.1" 304 - "http://localhost:5555/" "Mozilla/5.0 (Windows NT 10.0; Win64; x64) AppleWebKit/537.36 (KHTML, like Gecko) Chrome/100.0.4896.127 Safari/537.36"
::1 - - [27/Apr/2022:16:34:40 +0000] "GET /assets/img/tails.png HTTP/1.1" 304 - "http://localhost:5555/" "Mozilla/5.0 (Windows NT 10.0; Win64; x64) AppleWebKit/537.36 (KHTML, like Gecko) Chrome/100.0.4896.127 Safari/537.36"
::1 - - [27/Apr/2022:16:34:40 +0000] "GET /assets/favicon/favicon-32x32.png HTTP/1.1" 304 - "http://localhost:5555/" "Mozilla/5.0 (Windows NT 10.0; Win64; x64) AppleWebKit/537.36 (KHTML, like Gecko) Chrome/100.0.4896.127 Safari/537.36"
::1 - - [27/Apr/2022:16:34:40 +0000] "GET /assets/favicon/manifest.json HTTP/1.1" 304 - "http://localhost:5555/" "Mozilla/5.0 (Windows NT 10.0; Win64; x64) AppleWebKit/537.36 (KHTML, like Gecko) Chrome/100.0.4896.127 Safari/537.36"
::1 - - [27/Apr/2022:16:34:41 +0000] "POST /app/flip/coins/ HTTP/1.1" 200 65 "http://localhost:5555/" "Mozilla/5.0 (Windows NT 10.0; Win64; x64) AppleWebKit/537.36 (KHTML, like Gecko) Chrome/100.0.4896.127 Safari/537.36"
::1 - - [27/Apr/2022:16:34:44 +0000] "POST /app/flip/call/ HTTP/1.1" 200 46 "http://localhost:5555/" "Mozilla/5.0 (Windows NT 10.0; Win64; x64) AppleWebKit/537.36 (KHTML, like Gecko) Chrome/100.0.4896.127 Safari/537.36"
::1 - - [27/Apr/2022:16:35:34 +0000] "GET / HTTP/1.1" 304 - "-" "Mozilla/5.0 (Windows NT 10.0; Win64; x64) AppleWebKit/537.36 (KHTML, like Gecko) Chrome/100.0.4896.127 Safari/537.36"
::1 - - [27/Apr/2022:16:35:34 +0000] "GET /style.css HTTP/1.1" 304 - "http://localhost:5555/" "Mozilla/5.0 (Windows NT 10.0; Win64; x64) AppleWebKit/537.36 (KHTML, like Gecko) Chrome/100.0.4896.127 Safari/537.36"
::1 - - [27/Apr/2022:16:35:34 +0000] "GET /assets/img/coin.png HTTP/1.1" 304 - "http://localhost:5555/" "Mozilla/5.0 (Windows NT 10.0; Win64; x64) AppleWebKit/537.36 (KHTML, like Gecko) Chrome/100.0.4896.127 Safari/537.36"
::1 - - [27/Apr/2022:16:35:34 +0000] "GET /main.js HTTP/1.1" 304 - "http://localhost:5555/" "Mozilla/5.0 (Windows NT 10.0; Win64; x64) AppleWebKit/537.36 (KHTML, like Gecko) Chrome/100.0.4896.127 Safari/537.36"
::1 - - [27/Apr/2022:16:35:34 +0000] "GET /assets/img/heads.png HTTP/1.1" 304 - "http://localhost:5555/" "Mozilla/5.0 (Windows NT 10.0; Win64; x64) AppleWebKit/537.36 (KHTML, like Gecko) Chrome/100.0.4896.127 Safari/537.36"
::1 - - [27/Apr/2022:16:35:34 +0000] "GET /assets/img/tails.png HTTP/1.1" 304 - "http://localhost:5555/" "Mozilla/5.0 (Windows NT 10.0; Win64; x64) AppleWebKit/537.36 (KHTML, like Gecko) Chrome/100.0.4896.127 Safari/537.36"
::1 - - [27/Apr/2022:16:35:34 +0000] "GET /assets/favicon/favicon-32x32.png HTTP/1.1" 304 - "http://localhost:5555/" "Mozilla/5.0 (Windows NT 10.0; Win64; x64) AppleWebKit/537.36 (KHTML, like Gecko) Chrome/100.0.4896.127 Safari/537.36"
::1 - - [27/Apr/2022:16:35:34 +0000] "GET /assets/favicon/manifest.json HTTP/1.1" 304 - "http://localhost:5555/" "Mozilla/5.0 (Windows NT 10.0; Win64; x64) AppleWebKit/537.36 (KHTML, like Gecko) Chrome/100.0.4896.127 Safari/537.36"
::1 - - [27/Apr/2022:16:35:37 +0000] "POST /app/flip/coins/ HTTP/1.1" 200 65 "http://localhost:5555/" "Mozilla/5.0 (Windows NT 10.0; Win64; x64) AppleWebKit/537.36 (KHTML, like Gecko) Chrome/100.0.4896.127 Safari/537.36"
::1 - - [27/Apr/2022:16:35:40 +0000] "POST /app/flip/call/ HTTP/1.1" 200 47 "http://localhost:5555/" "Mozilla/5.0 (Windows NT 10.0; Win64; x64) AppleWebKit/537.36 (KHTML, like Gecko) Chrome/100.0.4896.127 Safari/537.36"
::1 - - [27/Apr/2022:16:37:14 +0000] "GET / HTTP/1.1" 304 - "-" "Mozilla/5.0 (Windows NT 10.0; Win64; x64) AppleWebKit/537.36 (KHTML, like Gecko) Chrome/100.0.4896.127 Safari/537.36"
::1 - - [27/Apr/2022:16:37:14 +0000] "GET /style.css HTTP/1.1" 304 - "http://localhost:5555/" "Mozilla/5.0 (Windows NT 10.0; Win64; x64) AppleWebKit/537.36 (KHTML, like Gecko) Chrome/100.0.4896.127 Safari/537.36"
::1 - - [27/Apr/2022:16:37:14 +0000] "GET /assets/img/coin.png HTTP/1.1" 304 - "http://localhost:5555/" "Mozilla/5.0 (Windows NT 10.0; Win64; x64) AppleWebKit/537.36 (KHTML, like Gecko) Chrome/100.0.4896.127 Safari/537.36"
::1 - - [27/Apr/2022:16:37:14 +0000] "GET /main.js HTTP/1.1" 304 - "http://localhost:5555/" "Mozilla/5.0 (Windows NT 10.0; Win64; x64) AppleWebKit/537.36 (KHTML, like Gecko) Chrome/100.0.4896.127 Safari/537.36"
::1 - - [27/Apr/2022:16:37:14 +0000] "GET /assets/img/heads.png HTTP/1.1" 304 - "http://localhost:5555/" "Mozilla/5.0 (Windows NT 10.0; Win64; x64) AppleWebKit/537.36 (KHTML, like Gecko) Chrome/100.0.4896.127 Safari/537.36"
::1 - - [27/Apr/2022:16:37:14 +0000] "GET /assets/img/tails.png HTTP/1.1" 304 - "http://localhost:5555/" "Mozilla/5.0 (Windows NT 10.0; Win64; x64) AppleWebKit/537.36 (KHTML, like Gecko) Chrome/100.0.4896.127 Safari/537.36"
::1 - - [27/Apr/2022:16:37:14 +0000] "GET /assets/favicon/manifest.json HTTP/1.1" 304 - "http://localhost:5555/" "Mozilla/5.0 (Windows NT 10.0; Win64; x64) AppleWebKit/537.36 (KHTML, like Gecko) Chrome/100.0.4896.127 Safari/537.36"
::1 - - [27/Apr/2022:16:37:14 +0000] "GET /assets/favicon/favicon-32x32.png HTTP/1.1" 304 - "http://localhost:5555/" "Mozilla/5.0 (Windows NT 10.0; Win64; x64) AppleWebKit/537.36 (KHTML, like Gecko) Chrome/100.0.4896.127 Safari/537.36"
::1 - - [27/Apr/2022:16:37:16 +0000] "POST /app/flip/coins/ HTTP/1.1" 200 55 "http://localhost:5555/" "Mozilla/5.0 (Windows NT 10.0; Win64; x64) AppleWebKit/537.36 (KHTML, like Gecko) Chrome/100.0.4896.127 Safari/537.36"
::1 - - [27/Apr/2022:16:37:18 +0000] "POST /app/flip/call/ HTTP/1.1" 200 47 "http://localhost:5555/" "Mozilla/5.0 (Windows NT 10.0; Win64; x64) AppleWebKit/537.36 (KHTML, like Gecko) Chrome/100.0.4896.127 Safari/537.36"
::1 - - [27/Apr/2022:17:15:12 +0000] "GET / HTTP/1.1" 304 - "-" "Mozilla/5.0 (Windows NT 10.0; Win64; x64) AppleWebKit/537.36 (KHTML, like Gecko) Chrome/100.0.4896.127 Safari/537.36"
::1 - - [27/Apr/2022:17:15:12 +0000] "GET /style.css HTTP/1.1" 304 - "http://localhost:5555/" "Mozilla/5.0 (Windows NT 10.0; Win64; x64) AppleWebKit/537.36 (KHTML, like Gecko) Chrome/100.0.4896.127 Safari/537.36"
::1 - - [27/Apr/2022:17:15:12 +0000] "GET /assets/img/coin.png HTTP/1.1" 304 - "http://localhost:5555/" "Mozilla/5.0 (Windows NT 10.0; Win64; x64) AppleWebKit/537.36 (KHTML, like Gecko) Chrome/100.0.4896.127 Safari/537.36"
::1 - - [27/Apr/2022:17:15:12 +0000] "GET /main.js HTTP/1.1" 304 - "http://localhost:5555/" "Mozilla/5.0 (Windows NT 10.0; Win64; x64) AppleWebKit/537.36 (KHTML, like Gecko) Chrome/100.0.4896.127 Safari/537.36"
::1 - - [27/Apr/2022:17:15:12 +0000] "GET /assets/img/heads.png HTTP/1.1" 304 - "http://localhost:5555/" "Mozilla/5.0 (Windows NT 10.0; Win64; x64) AppleWebKit/537.36 (KHTML, like Gecko) Chrome/100.0.4896.127 Safari/537.36"
::1 - - [27/Apr/2022:17:15:12 +0000] "GET /assets/img/tails.png HTTP/1.1" 304 - "http://localhost:5555/" "Mozilla/5.0 (Windows NT 10.0; Win64; x64) AppleWebKit/537.36 (KHTML, like Gecko) Chrome/100.0.4896.127 Safari/537.36"
::1 - - [27/Apr/2022:17:15:12 +0000] "GET /assets/favicon/favicon-32x32.png HTTP/1.1" 304 - "http://localhost:5555/" "Mozilla/5.0 (Windows NT 10.0; Win64; x64) AppleWebKit/537.36 (KHTML, like Gecko) Chrome/100.0.4896.127 Safari/537.36"
::1 - - [27/Apr/2022:17:15:12 +0000] "GET /assets/favicon/manifest.json HTTP/1.1" 304 - "http://localhost:5555/" "Mozilla/5.0 (Windows NT 10.0; Win64; x64) AppleWebKit/537.36 (KHTML, like Gecko) Chrome/100.0.4896.127 Safari/537.36"
::1 - - [27/Apr/2022:17:15:15 +0000] "POST /app/flip/coins/ HTTP/1.1" 200 65 "http://localhost:5555/" "Mozilla/5.0 (Windows NT 10.0; Win64; x64) AppleWebKit/537.36 (KHTML, like Gecko) Chrome/100.0.4896.127 Safari/537.36"
::1 - - [27/Apr/2022:17:15:17 +0000] "POST /app/flip/call/ HTTP/1.1" 200 47 "http://localhost:5555/" "Mozilla/5.0 (Windows NT 10.0; Win64; x64) AppleWebKit/537.36 (KHTML, like Gecko) Chrome/100.0.4896.127 Safari/537.36"
::1 - - [27/Apr/2022:17:15:20 +0000] "POST /app/flip/call/ HTTP/1.1" 200 46 "http://localhost:5555/" "Mozilla/5.0 (Windows NT 10.0; Win64; x64) AppleWebKit/537.36 (KHTML, like Gecko) Chrome/100.0.4896.127 Safari/537.36"
::1 - - [27/Apr/2022:17:17:16 +0000] "GET / HTTP/1.1" 304 - "-" "Mozilla/5.0 (Windows NT 10.0; Win64; x64) AppleWebKit/537.36 (KHTML, like Gecko) Chrome/100.0.4896.127 Safari/537.36"
::1 - - [27/Apr/2022:17:17:16 +0000] "GET /style.css HTTP/1.1" 304 - "http://localhost:5555/" "Mozilla/5.0 (Windows NT 10.0; Win64; x64) AppleWebKit/537.36 (KHTML, like Gecko) Chrome/100.0.4896.127 Safari/537.36"
::1 - - [27/Apr/2022:17:17:16 +0000] "GET /assets/img/coin.png HTTP/1.1" 304 - "http://localhost:5555/" "Mozilla/5.0 (Windows NT 10.0; Win64; x64) AppleWebKit/537.36 (KHTML, like Gecko) Chrome/100.0.4896.127 Safari/537.36"
::1 - - [27/Apr/2022:17:17:16 +0000] "GET /assets/img/heads.png HTTP/1.1" 304 - "http://localhost:5555/" "Mozilla/5.0 (Windows NT 10.0; Win64; x64) AppleWebKit/537.36 (KHTML, like Gecko) Chrome/100.0.4896.127 Safari/537.36"
::1 - - [27/Apr/2022:17:17:16 +0000] "GET /main.js HTTP/1.1" 200 4068 "http://localhost:5555/" "Mozilla/5.0 (Windows NT 10.0; Win64; x64) AppleWebKit/537.36 (KHTML, like Gecko) Chrome/100.0.4896.127 Safari/537.36"
::1 - - [27/Apr/2022:17:17:16 +0000] "GET /assets/img/tails.png HTTP/1.1" 304 - "http://localhost:5555/" "Mozilla/5.0 (Windows NT 10.0; Win64; x64) AppleWebKit/537.36 (KHTML, like Gecko) Chrome/100.0.4896.127 Safari/537.36"
::1 - - [27/Apr/2022:17:17:17 +0000] "GET /assets/favicon/manifest.json HTTP/1.1" 304 - "http://localhost:5555/" "Mozilla/5.0 (Windows NT 10.0; Win64; x64) AppleWebKit/537.36 (KHTML, like Gecko) Chrome/100.0.4896.127 Safari/537.36"
::1 - - [27/Apr/2022:17:17:17 +0000] "GET /assets/favicon/favicon-32x32.png HTTP/1.1" 304 - "http://localhost:5555/" "Mozilla/5.0 (Windows NT 10.0; Win64; x64) AppleWebKit/537.36 (KHTML, like Gecko) Chrome/100.0.4896.127 Safari/537.36"
::1 - - [27/Apr/2022:17:17:18 +0000] "GET /app/flip HTTP/1.1" 200 16 "http://localhost:5555/" "Mozilla/5.0 (Windows NT 10.0; Win64; x64) AppleWebKit/537.36 (KHTML, like Gecko) Chrome/100.0.4896.127 Safari/537.36"
::1 - - [27/Apr/2022:17:17:20 +0000] "POST /app/flip/coins/ HTTP/1.1" 200 55 "http://localhost:5555/" "Mozilla/5.0 (Windows NT 10.0; Win64; x64) AppleWebKit/537.36 (KHTML, like Gecko) Chrome/100.0.4896.127 Safari/537.36"
::1 - - [27/Apr/2022:17:17:22 +0000] "POST /app/flip/call/ HTTP/1.1" 200 46 "http://localhost:5555/" "Mozilla/5.0 (Windows NT 10.0; Win64; x64) AppleWebKit/537.36 (KHTML, like Gecko) Chrome/100.0.4896.127 Safari/537.36"
::1 - - [27/Apr/2022:17:17:25 +0000] "POST /app/flip/call/ HTTP/1.1" 200 46 "http://localhost:5555/" "Mozilla/5.0 (Windows NT 10.0; Win64; x64) AppleWebKit/537.36 (KHTML, like Gecko) Chrome/100.0.4896.127 Safari/537.36"
::1 - - [27/Apr/2022:17:19:22 +0000] "GET / HTTP/1.1" 304 - "-" "Mozilla/5.0 (Windows NT 10.0; Win64; x64) AppleWebKit/537.36 (KHTML, like Gecko) Chrome/100.0.4896.127 Safari/537.36"
::1 - - [27/Apr/2022:17:19:22 +0000] "GET /style.css HTTP/1.1" 304 - "http://localhost:5555/" "Mozilla/5.0 (Windows NT 10.0; Win64; x64) AppleWebKit/537.36 (KHTML, like Gecko) Chrome/100.0.4896.127 Safari/537.36"
::1 - - [27/Apr/2022:17:19:22 +0000] "GET /assets/img/coin.png HTTP/1.1" 304 - "http://localhost:5555/" "Mozilla/5.0 (Windows NT 10.0; Win64; x64) AppleWebKit/537.36 (KHTML, like Gecko) Chrome/100.0.4896.127 Safari/537.36"
::1 - - [27/Apr/2022:17:19:22 +0000] "GET /assets/img/heads.png HTTP/1.1" 304 - "http://localhost:5555/" "Mozilla/5.0 (Windows NT 10.0; Win64; x64) AppleWebKit/537.36 (KHTML, like Gecko) Chrome/100.0.4896.127 Safari/537.36"
::1 - - [27/Apr/2022:17:19:22 +0000] "GET /main.js HTTP/1.1" 200 3942 "http://localhost:5555/" "Mozilla/5.0 (Windows NT 10.0; Win64; x64) AppleWebKit/537.36 (KHTML, like Gecko) Chrome/100.0.4896.127 Safari/537.36"
::1 - - [27/Apr/2022:17:19:22 +0000] "GET /assets/img/tails.png HTTP/1.1" 304 - "http://localhost:5555/" "Mozilla/5.0 (Windows NT 10.0; Win64; x64) AppleWebKit/537.36 (KHTML, like Gecko) Chrome/100.0.4896.127 Safari/537.36"
::1 - - [27/Apr/2022:17:19:22 +0000] "GET /assets/favicon/manifest.json HTTP/1.1" 304 - "http://localhost:5555/" "Mozilla/5.0 (Windows NT 10.0; Win64; x64) AppleWebKit/537.36 (KHTML, like Gecko) Chrome/100.0.4896.127 Safari/537.36"
::1 - - [27/Apr/2022:17:19:22 +0000] "GET /assets/favicon/favicon-32x32.png HTTP/1.1" 304 - "http://localhost:5555/" "Mozilla/5.0 (Windows NT 10.0; Win64; x64) AppleWebKit/537.36 (KHTML, like Gecko) Chrome/100.0.4896.127 Safari/537.36"
::1 - - [27/Apr/2022:17:19:25 +0000] "GET /?number=3 HTTP/1.1" 200 4420 "http://localhost:5555/" "Mozilla/5.0 (Windows NT 10.0; Win64; x64) AppleWebKit/537.36 (KHTML, like Gecko) Chrome/100.0.4896.127 Safari/537.36"
::1 - - [27/Apr/2022:17:19:25 +0000] "GET /style.css HTTP/1.1" 304 - "http://localhost:5555/?number=3" "Mozilla/5.0 (Windows NT 10.0; Win64; x64) AppleWebKit/537.36 (KHTML, like Gecko) Chrome/100.0.4896.127 Safari/537.36"
::1 - - [27/Apr/2022:17:19:25 +0000] "GET /assets/img/coin.png HTTP/1.1" 304 - "http://localhost:5555/?number=3" "Mozilla/5.0 (Windows NT 10.0; Win64; x64) AppleWebKit/537.36 (KHTML, like Gecko) Chrome/100.0.4896.127 Safari/537.36"
::1 - - [27/Apr/2022:17:19:25 +0000] "GET /main.js HTTP/1.1" 304 - "http://localhost:5555/?number=3" "Mozilla/5.0 (Windows NT 10.0; Win64; x64) AppleWebKit/537.36 (KHTML, like Gecko) Chrome/100.0.4896.127 Safari/537.36"
::1 - - [27/Apr/2022:17:19:25 +0000] "GET /assets/img/heads.png HTTP/1.1" 304 - "http://localhost:5555/?number=3" "Mozilla/5.0 (Windows NT 10.0; Win64; x64) AppleWebKit/537.36 (KHTML, like Gecko) Chrome/100.0.4896.127 Safari/537.36"
::1 - - [27/Apr/2022:17:19:25 +0000] "GET /assets/img/tails.png HTTP/1.1" 304 - "http://localhost:5555/?number=3" "Mozilla/5.0 (Windows NT 10.0; Win64; x64) AppleWebKit/537.36 (KHTML, like Gecko) Chrome/100.0.4896.127 Safari/537.36"
::1 - - [27/Apr/2022:17:19:26 +0000] "GET /assets/favicon/manifest.json HTTP/1.1" 304 - "http://localhost:5555/?number=3" "Mozilla/5.0 (Windows NT 10.0; Win64; x64) AppleWebKit/537.36 (KHTML, like Gecko) Chrome/100.0.4896.127 Safari/537.36"
::1 - - [27/Apr/2022:17:19:26 +0000] "GET /?number= HTTP/1.1" 200 4420 "http://localhost:5555/?number=3" "Mozilla/5.0 (Windows NT 10.0; Win64; x64) AppleWebKit/537.36 (KHTML, like Gecko) Chrome/100.0.4896.127 Safari/537.36"
::1 - - [27/Apr/2022:17:19:26 +0000] "GET /style.css HTTP/1.1" 304 - "http://localhost:5555/?number=" "Mozilla/5.0 (Windows NT 10.0; Win64; x64) AppleWebKit/537.36 (KHTML, like Gecko) Chrome/100.0.4896.127 Safari/537.36"
::1 - - [27/Apr/2022:17:19:26 +0000] "GET /assets/img/coin.png HTTP/1.1" 304 - "http://localhost:5555/?number=" "Mozilla/5.0 (Windows NT 10.0; Win64; x64) AppleWebKit/537.36 (KHTML, like Gecko) Chrome/100.0.4896.127 Safari/537.36"
::1 - - [27/Apr/2022:17:19:26 +0000] "GET /main.js HTTP/1.1" 304 - "http://localhost:5555/?number=" "Mozilla/5.0 (Windows NT 10.0; Win64; x64) AppleWebKit/537.36 (KHTML, like Gecko) Chrome/100.0.4896.127 Safari/537.36"
::1 - - [27/Apr/2022:17:19:26 +0000] "GET /assets/img/heads.png HTTP/1.1" 304 - "http://localhost:5555/?number=" "Mozilla/5.0 (Windows NT 10.0; Win64; x64) AppleWebKit/537.36 (KHTML, like Gecko) Chrome/100.0.4896.127 Safari/537.36"
::1 - - [27/Apr/2022:17:19:26 +0000] "GET /assets/img/tails.png HTTP/1.1" 304 - "http://localhost:5555/?number=" "Mozilla/5.0 (Windows NT 10.0; Win64; x64) AppleWebKit/537.36 (KHTML, like Gecko) Chrome/100.0.4896.127 Safari/537.36"
::1 - - [27/Apr/2022:17:19:27 +0000] "GET /assets/favicon/manifest.json HTTP/1.1" 304 - "http://localhost:5555/?number=" "Mozilla/5.0 (Windows NT 10.0; Win64; x64) AppleWebKit/537.36 (KHTML, like Gecko) Chrome/100.0.4896.127 Safari/537.36"
::1 - - [27/Apr/2022:17:19:45 +0000] "GET /?number= HTTP/1.1" 304 - "http://localhost:5555/?number=3" "Mozilla/5.0 (Windows NT 10.0; Win64; x64) AppleWebKit/537.36 (KHTML, like Gecko) Chrome/100.0.4896.127 Safari/537.36"
::1 - - [27/Apr/2022:17:19:46 +0000] "GET /style.css HTTP/1.1" 304 - "http://localhost:5555/?number=" "Mozilla/5.0 (Windows NT 10.0; Win64; x64) AppleWebKit/537.36 (KHTML, like Gecko) Chrome/100.0.4896.127 Safari/537.36"
::1 - - [27/Apr/2022:17:19:46 +0000] "GET /assets/img/coin.png HTTP/1.1" 304 - "http://localhost:5555/?number=" "Mozilla/5.0 (Windows NT 10.0; Win64; x64) AppleWebKit/537.36 (KHTML, like Gecko) Chrome/100.0.4896.127 Safari/537.36"
::1 - - [27/Apr/2022:17:19:46 +0000] "GET /assets/img/heads.png HTTP/1.1" 304 - "http://localhost:5555/?number=" "Mozilla/5.0 (Windows NT 10.0; Win64; x64) AppleWebKit/537.36 (KHTML, like Gecko) Chrome/100.0.4896.127 Safari/537.36"
::1 - - [27/Apr/2022:17:19:46 +0000] "GET /assets/img/tails.png HTTP/1.1" 304 - "http://localhost:5555/?number=" "Mozilla/5.0 (Windows NT 10.0; Win64; x64) AppleWebKit/537.36 (KHTML, like Gecko) Chrome/100.0.4896.127 Safari/537.36"
::1 - - [27/Apr/2022:17:19:46 +0000] "GET /main.js HTTP/1.1" 200 4022 "http://localhost:5555/?number=" "Mozilla/5.0 (Windows NT 10.0; Win64; x64) AppleWebKit/537.36 (KHTML, like Gecko) Chrome/100.0.4896.127 Safari/537.36"
::1 - - [27/Apr/2022:17:19:46 +0000] "GET /assets/favicon/favicon-32x32.png HTTP/1.1" 304 - "http://localhost:5555/?number=" "Mozilla/5.0 (Windows NT 10.0; Win64; x64) AppleWebKit/537.36 (KHTML, like Gecko) Chrome/100.0.4896.127 Safari/537.36"
::1 - - [27/Apr/2022:17:19:46 +0000] "GET /assets/favicon/manifest.json HTTP/1.1" 304 - "http://localhost:5555/?number=" "Mozilla/5.0 (Windows NT 10.0; Win64; x64) AppleWebKit/537.36 (KHTML, like Gecko) Chrome/100.0.4896.127 Safari/537.36"
::1 - - [27/Apr/2022:17:19:48 +0000] "POST /?number=app/flip/coins/ HTTP/1.1" 404 38 "http://localhost:5555/?number=" "Mozilla/5.0 (Windows NT 10.0; Win64; x64) AppleWebKit/537.36 (KHTML, like Gecko) Chrome/100.0.4896.127 Safari/537.36"
::1 - - [27/Apr/2022:17:19:48 +0000] "POST /?number=app/flip/coins/ HTTP/1.1" 404 38 "http://localhost:5555/?number=" "Mozilla/5.0 (Windows NT 10.0; Win64; x64) AppleWebKit/537.36 (KHTML, like Gecko) Chrome/100.0.4896.127 Safari/537.36"
::1 - - [27/Apr/2022:17:19:48 +0000] "POST /?number=app/flip/coins/ HTTP/1.1" 404 38 "http://localhost:5555/?number=" "Mozilla/5.0 (Windows NT 10.0; Win64; x64) AppleWebKit/537.36 (KHTML, like Gecko) Chrome/100.0.4896.127 Safari/537.36"
::1 - - [27/Apr/2022:17:19:49 +0000] "POST /?number=app/flip/call/ HTTP/1.1" 404 38 "http://localhost:5555/?number=" "Mozilla/5.0 (Windows NT 10.0; Win64; x64) AppleWebKit/537.36 (KHTML, like Gecko) Chrome/100.0.4896.127 Safari/537.36"
::1 - - [27/Apr/2022:17:19:49 +0000] "GET /assets/img/.png HTTP/1.1" 404 38 "http://localhost:5555/?number=" "Mozilla/5.0 (Windows NT 10.0; Win64; x64) AppleWebKit/537.36 (KHTML, like Gecko) Chrome/100.0.4896.127 Safari/537.36"
::1 - - [27/Apr/2022:17:19:49 +0000] "GET /assets/img/undefined.png HTTP/1.1" 404 38 "http://localhost:5555/?number=" "Mozilla/5.0 (Windows NT 10.0; Win64; x64) AppleWebKit/537.36 (KHTML, like Gecko) Chrome/100.0.4896.127 Safari/537.36"
::1 - - [27/Apr/2022:17:19:50 +0000] "POST /?number=app/flip/call/ HTTP/1.1" 404 38 "http://localhost:5555/?number=" "Mozilla/5.0 (Windows NT 10.0; Win64; x64) AppleWebKit/537.36 (KHTML, like Gecko) Chrome/100.0.4896.127 Safari/537.36"
::1 - - [27/Apr/2022:17:19:50 +0000] "GET /assets/img/undefined.png HTTP/1.1" 404 38 "http://localhost:5555/?number=" "Mozilla/5.0 (Windows NT 10.0; Win64; x64) AppleWebKit/537.36 (KHTML, like Gecko) Chrome/100.0.4896.127 Safari/537.36"
::1 - - [27/Apr/2022:17:19:50 +0000] "GET /assets/img/.png HTTP/1.1" 404 38 "http://localhost:5555/?number=" "Mozilla/5.0 (Windows NT 10.0; Win64; x64) AppleWebKit/537.36 (KHTML, like Gecko) Chrome/100.0.4896.127 Safari/537.36"
::1 - - [27/Apr/2022:17:19:51 +0000] "POST /?number=app/flip/call/ HTTP/1.1" 404 38 "http://localhost:5555/?number=" "Mozilla/5.0 (Windows NT 10.0; Win64; x64) AppleWebKit/537.36 (KHTML, like Gecko) Chrome/100.0.4896.127 Safari/537.36"
::1 - - [27/Apr/2022:17:19:51 +0000] "GET /assets/img/undefined.png HTTP/1.1" 404 38 "http://localhost:5555/?number=" "Mozilla/5.0 (Windows NT 10.0; Win64; x64) AppleWebKit/537.36 (KHTML, like Gecko) Chrome/100.0.4896.127 Safari/537.36"
::1 - - [27/Apr/2022:17:19:51 +0000] "POST /?number=app/flip/call/ HTTP/1.1" 404 38 "http://localhost:5555/?number=" "Mozilla/5.0 (Windows NT 10.0; Win64; x64) AppleWebKit/537.36 (KHTML, like Gecko) Chrome/100.0.4896.127 Safari/537.36"
::1 - - [27/Apr/2022:17:19:51 +0000] "GET /assets/img/undefined.png HTTP/1.1" 404 38 "http://localhost:5555/?number=" "Mozilla/5.0 (Windows NT 10.0; Win64; x64) AppleWebKit/537.36 (KHTML, like Gecko) Chrome/100.0.4896.127 Safari/537.36"
::1 - - [27/Apr/2022:17:19:52 +0000] "POST /?number=app/flip/call/ HTTP/1.1" 404 38 "http://localhost:5555/?number=" "Mozilla/5.0 (Windows NT 10.0; Win64; x64) AppleWebKit/537.36 (KHTML, like Gecko) Chrome/100.0.4896.127 Safari/537.36"
::1 - - [27/Apr/2022:17:19:52 +0000] "GET /assets/img/undefined.png HTTP/1.1" 404 38 "http://localhost:5555/?number=" "Mozilla/5.0 (Windows NT 10.0; Win64; x64) AppleWebKit/537.36 (KHTML, like Gecko) Chrome/100.0.4896.127 Safari/537.36"
::1 - - [27/Apr/2022:17:19:55 +0000] "POST /?number=app/flip/call/ HTTP/1.1" 404 38 "http://localhost:5555/?number=" "Mozilla/5.0 (Windows NT 10.0; Win64; x64) AppleWebKit/537.36 (KHTML, like Gecko) Chrome/100.0.4896.127 Safari/537.36"
::1 - - [27/Apr/2022:17:19:55 +0000] "GET /assets/img/undefined.png HTTP/1.1" 404 38 "http://localhost:5555/?number=" "Mozilla/5.0 (Windows NT 10.0; Win64; x64) AppleWebKit/537.36 (KHTML, like Gecko) Chrome/100.0.4896.127 Safari/537.36"
::1 - - [27/Apr/2022:17:19:55 +0000] "POST /?number=app/flip/call/ HTTP/1.1" 404 38 "http://localhost:5555/?number=" "Mozilla/5.0 (Windows NT 10.0; Win64; x64) AppleWebKit/537.36 (KHTML, like Gecko) Chrome/100.0.4896.127 Safari/537.36"
::1 - - [27/Apr/2022:17:19:55 +0000] "POST /?number=app/flip/call/ HTTP/1.1" 404 38 "http://localhost:5555/?number=" "Mozilla/5.0 (Windows NT 10.0; Win64; x64) AppleWebKit/537.36 (KHTML, like Gecko) Chrome/100.0.4896.127 Safari/537.36"
::1 - - [27/Apr/2022:17:19:55 +0000] "GET /assets/img/undefined.png HTTP/1.1" 404 38 "http://localhost:5555/?number=" "Mozilla/5.0 (Windows NT 10.0; Win64; x64) AppleWebKit/537.36 (KHTML, like Gecko) Chrome/100.0.4896.127 Safari/537.36"
::1 - - [27/Apr/2022:17:19:57 +0000] "GET /?number=app/flip HTTP/1.1" 200 4420 "http://localhost:5555/?number=" "Mozilla/5.0 (Windows NT 10.0; Win64; x64) AppleWebKit/537.36 (KHTML, like Gecko) Chrome/100.0.4896.127 Safari/537.36"
::1 - - [27/Apr/2022:17:19:57 +0000] "GET /?number=app/flip HTTP/1.1" 304 - "http://localhost:5555/?number=" "Mozilla/5.0 (Windows NT 10.0; Win64; x64) AppleWebKit/537.36 (KHTML, like Gecko) Chrome/100.0.4896.127 Safari/537.36"
::1 - - [27/Apr/2022:17:20:09 +0000] "GET /?number= HTTP/1.1" 304 - "http://localhost:5555/?number=3" "Mozilla/5.0 (Windows NT 10.0; Win64; x64) AppleWebKit/537.36 (KHTML, like Gecko) Chrome/100.0.4896.127 Safari/537.36"
::1 - - [27/Apr/2022:17:20:09 +0000] "GET /style.css HTTP/1.1" 304 - "http://localhost:5555/?number=" "Mozilla/5.0 (Windows NT 10.0; Win64; x64) AppleWebKit/537.36 (KHTML, like Gecko) Chrome/100.0.4896.127 Safari/537.36"
::1 - - [27/Apr/2022:17:20:09 +0000] "GET /assets/img/coin.png HTTP/1.1" 304 - "http://localhost:5555/?number=" "Mozilla/5.0 (Windows NT 10.0; Win64; x64) AppleWebKit/537.36 (KHTML, like Gecko) Chrome/100.0.4896.127 Safari/537.36"
::1 - - [27/Apr/2022:17:20:09 +0000] "GET /assets/img/heads.png HTTP/1.1" 304 - "http://localhost:5555/?number=" "Mozilla/5.0 (Windows NT 10.0; Win64; x64) AppleWebKit/537.36 (KHTML, like Gecko) Chrome/100.0.4896.127 Safari/537.36"
::1 - - [27/Apr/2022:17:20:09 +0000] "GET /assets/img/tails.png HTTP/1.1" 304 - "http://localhost:5555/?number=" "Mozilla/5.0 (Windows NT 10.0; Win64; x64) AppleWebKit/537.36 (KHTML, like Gecko) Chrome/100.0.4896.127 Safari/537.36"
::1 - - [27/Apr/2022:17:20:09 +0000] "GET /main.js HTTP/1.1" 200 4070 "http://localhost:5555/?number=" "Mozilla/5.0 (Windows NT 10.0; Win64; x64) AppleWebKit/537.36 (KHTML, like Gecko) Chrome/100.0.4896.127 Safari/537.36"
::1 - - [27/Apr/2022:17:20:09 +0000] "GET /assets/favicon/manifest.json HTTP/1.1" 304 - "http://localhost:5555/?number=" "Mozilla/5.0 (Windows NT 10.0; Win64; x64) AppleWebKit/537.36 (KHTML, like Gecko) Chrome/100.0.4896.127 Safari/537.36"
::1 - - [27/Apr/2022:17:20:09 +0000] "GET /assets/favicon/favicon-32x32.png HTTP/1.1" 304 - "http://localhost:5555/?number=" "Mozilla/5.0 (Windows NT 10.0; Win64; x64) AppleWebKit/537.36 (KHTML, like Gecko) Chrome/100.0.4896.127 Safari/537.36"
::1 - - [27/Apr/2022:17:20:12 +0000] "POST /?number=app/flip/coins/ HTTP/1.1" 404 38 "http://localhost:5555/?number=" "Mozilla/5.0 (Windows NT 10.0; Win64; x64) AppleWebKit/537.36 (KHTML, like Gecko) Chrome/100.0.4896.127 Safari/537.36"
::1 - - [27/Apr/2022:17:20:12 +0000] "POST /?number=app/flip/coins/ HTTP/1.1" 404 38 "http://localhost:5555/?number=" "Mozilla/5.0 (Windows NT 10.0; Win64; x64) AppleWebKit/537.36 (KHTML, like Gecko) Chrome/100.0.4896.127 Safari/537.36"
::1 - - [27/Apr/2022:17:20:13 +0000] "POST /?number=app/flip/coins/ HTTP/1.1" 404 38 "http://localhost:5555/?number=" "Mozilla/5.0 (Windows NT 10.0; Win64; x64) AppleWebKit/537.36 (KHTML, like Gecko) Chrome/100.0.4896.127 Safari/537.36"
::1 - - [27/Apr/2022:17:20:14 +0000] "POST /?number=app/flip/call/ HTTP/1.1" 404 38 "http://localhost:5555/?number=" "Mozilla/5.0 (Windows NT 10.0; Win64; x64) AppleWebKit/537.36 (KHTML, like Gecko) Chrome/100.0.4896.127 Safari/537.36"
::1 - - [27/Apr/2022:17:20:14 +0000] "GET /assets/img/undefined.png HTTP/1.1" 404 38 "http://localhost:5555/?number=" "Mozilla/5.0 (Windows NT 10.0; Win64; x64) AppleWebKit/537.36 (KHTML, like Gecko) Chrome/100.0.4896.127 Safari/537.36"
::1 - - [27/Apr/2022:17:20:14 +0000] "POST /?number=app/flip/call/ HTTP/1.1" 404 38 "http://localhost:5555/?number=" "Mozilla/5.0 (Windows NT 10.0; Win64; x64) AppleWebKit/537.36 (KHTML, like Gecko) Chrome/100.0.4896.127 Safari/537.36"
::1 - - [27/Apr/2022:17:20:15 +0000] "GET /assets/img/undefined.png HTTP/1.1" 404 38 "http://localhost:5555/?number=" "Mozilla/5.0 (Windows NT 10.0; Win64; x64) AppleWebKit/537.36 (KHTML, like Gecko) Chrome/100.0.4896.127 Safari/537.36"
::1 - - [27/Apr/2022:17:20:16 +0000] "POST /?number=app/flip/call/ HTTP/1.1" 404 38 "http://localhost:5555/?number=" "Mozilla/5.0 (Windows NT 10.0; Win64; x64) AppleWebKit/537.36 (KHTML, like Gecko) Chrome/100.0.4896.127 Safari/537.36"
::1 - - [27/Apr/2022:17:20:16 +0000] "GET /assets/img/undefined.png HTTP/1.1" 404 38 "http://localhost:5555/?number=" "Mozilla/5.0 (Windows NT 10.0; Win64; x64) AppleWebKit/537.36 (KHTML, like Gecko) Chrome/100.0.4896.127 Safari/537.36"
::1 - - [27/Apr/2022:17:20:16 +0000] "POST /?number=app/flip/call/ HTTP/1.1" 404 38 "http://localhost:5555/?number=" "Mozilla/5.0 (Windows NT 10.0; Win64; x64) AppleWebKit/537.36 (KHTML, like Gecko) Chrome/100.0.4896.127 Safari/537.36"
::1 - - [27/Apr/2022:17:20:16 +0000] "GET /assets/img/undefined.png HTTP/1.1" 404 38 "http://localhost:5555/?number=" "Mozilla/5.0 (Windows NT 10.0; Win64; x64) AppleWebKit/537.36 (KHTML, like Gecko) Chrome/100.0.4896.127 Safari/537.36"
::1 - - [27/Apr/2022:17:20:41 +0000] "GET /?number= HTTP/1.1" 304 - "http://localhost:5555/?number=3" "Mozilla/5.0 (Windows NT 10.0; Win64; x64) AppleWebKit/537.36 (KHTML, like Gecko) Chrome/100.0.4896.127 Safari/537.36"
::1 - - [27/Apr/2022:17:20:41 +0000] "GET /style.css HTTP/1.1" 304 - "http://localhost:5555/?number=" "Mozilla/5.0 (Windows NT 10.0; Win64; x64) AppleWebKit/537.36 (KHTML, like Gecko) Chrome/100.0.4896.127 Safari/537.36"
::1 - - [27/Apr/2022:17:20:41 +0000] "GET /assets/img/coin.png HTTP/1.1" 304 - "http://localhost:5555/?number=" "Mozilla/5.0 (Windows NT 10.0; Win64; x64) AppleWebKit/537.36 (KHTML, like Gecko) Chrome/100.0.4896.127 Safari/537.36"
::1 - - [27/Apr/2022:17:20:41 +0000] "GET /assets/img/heads.png HTTP/1.1" 304 - "http://localhost:5555/?number=" "Mozilla/5.0 (Windows NT 10.0; Win64; x64) AppleWebKit/537.36 (KHTML, like Gecko) Chrome/100.0.4896.127 Safari/537.36"
::1 - - [27/Apr/2022:17:20:41 +0000] "GET /assets/img/tails.png HTTP/1.1" 304 - "http://localhost:5555/?number=" "Mozilla/5.0 (Windows NT 10.0; Win64; x64) AppleWebKit/537.36 (KHTML, like Gecko) Chrome/100.0.4896.127 Safari/537.36"
::1 - - [27/Apr/2022:17:20:41 +0000] "GET /main.js HTTP/1.1" 200 4019 "http://localhost:5555/?number=" "Mozilla/5.0 (Windows NT 10.0; Win64; x64) AppleWebKit/537.36 (KHTML, like Gecko) Chrome/100.0.4896.127 Safari/537.36"
::1 - - [27/Apr/2022:17:20:42 +0000] "GET /assets/favicon/favicon-32x32.png HTTP/1.1" 304 - "http://localhost:5555/?number=" "Mozilla/5.0 (Windows NT 10.0; Win64; x64) AppleWebKit/537.36 (KHTML, like Gecko) Chrome/100.0.4896.127 Safari/537.36"
::1 - - [27/Apr/2022:17:20:42 +0000] "GET /assets/favicon/manifest.json HTTP/1.1" 304 - "http://localhost:5555/?number=" "Mozilla/5.0 (Windows NT 10.0; Win64; x64) AppleWebKit/537.36 (KHTML, like Gecko) Chrome/100.0.4896.127 Safari/537.36"
::1 - - [27/Apr/2022:17:20:44 +0000] "POST /?number=app/flip/coins/ HTTP/1.1" 404 38 "http://localhost:5555/?number=" "Mozilla/5.0 (Windows NT 10.0; Win64; x64) AppleWebKit/537.36 (KHTML, like Gecko) Chrome/100.0.4896.127 Safari/537.36"
::1 - - [27/Apr/2022:17:20:45 +0000] "POST /?number=app/flip/coins/ HTTP/1.1" 404 38 "http://localhost:5555/?number=" "Mozilla/5.0 (Windows NT 10.0; Win64; x64) AppleWebKit/537.36 (KHTML, like Gecko) Chrome/100.0.4896.127 Safari/537.36"
::1 - - [27/Apr/2022:17:20:46 +0000] "POST /?number=app/flip/call/ HTTP/1.1" 404 38 "http://localhost:5555/?number=" "Mozilla/5.0 (Windows NT 10.0; Win64; x64) AppleWebKit/537.36 (KHTML, like Gecko) Chrome/100.0.4896.127 Safari/537.36"
::1 - - [27/Apr/2022:17:20:46 +0000] "GET /assets/img/undefined.png HTTP/1.1" 404 38 "http://localhost:5555/?number=" "Mozilla/5.0 (Windows NT 10.0; Win64; x64) AppleWebKit/537.36 (KHTML, like Gecko) Chrome/100.0.4896.127 Safari/537.36"
::1 - - [27/Apr/2022:17:20:47 +0000] "POST /?number=app/flip/call/ HTTP/1.1" 404 38 "http://localhost:5555/?number=" "Mozilla/5.0 (Windows NT 10.0; Win64; x64) AppleWebKit/537.36 (KHTML, like Gecko) Chrome/100.0.4896.127 Safari/537.36"
::1 - - [27/Apr/2022:17:20:47 +0000] "GET /assets/img/undefined.png HTTP/1.1" 404 38 "http://localhost:5555/?number=" "Mozilla/5.0 (Windows NT 10.0; Win64; x64) AppleWebKit/537.36 (KHTML, like Gecko) Chrome/100.0.4896.127 Safari/537.36"
::1 - - [27/Apr/2022:17:20:48 +0000] "GET /?number=app/flip HTTP/1.1" 304 - "http://localhost:5555/?number=" "Mozilla/5.0 (Windows NT 10.0; Win64; x64) AppleWebKit/537.36 (KHTML, like Gecko) Chrome/100.0.4896.127 Safari/537.36"
::1 - - [27/Apr/2022:17:20:48 +0000] "GET /?number=app/flip HTTP/1.1" 304 - "http://localhost:5555/?number=" "Mozilla/5.0 (Windows NT 10.0; Win64; x64) AppleWebKit/537.36 (KHTML, like Gecko) Chrome/100.0.4896.127 Safari/537.36"
::1 - - [27/Apr/2022:17:20:48 +0000] "GET /?number=app/flip HTTP/1.1" 304 - "http://localhost:5555/?number=" "Mozilla/5.0 (Windows NT 10.0; Win64; x64) AppleWebKit/537.36 (KHTML, like Gecko) Chrome/100.0.4896.127 Safari/537.36"
::1 - - [27/Apr/2022:17:21:29 +0000] "GET /?number= HTTP/1.1" 304 - "http://localhost:5555/?number=3" "Mozilla/5.0 (Windows NT 10.0; Win64; x64) AppleWebKit/537.36 (KHTML, like Gecko) Chrome/100.0.4896.127 Safari/537.36"
::1 - - [27/Apr/2022:17:21:29 +0000] "GET /style.css HTTP/1.1" 304 - "http://localhost:5555/?number=" "Mozilla/5.0 (Windows NT 10.0; Win64; x64) AppleWebKit/537.36 (KHTML, like Gecko) Chrome/100.0.4896.127 Safari/537.36"
::1 - - [27/Apr/2022:17:21:29 +0000] "GET /assets/img/coin.png HTTP/1.1" 304 - "http://localhost:5555/?number=" "Mozilla/5.0 (Windows NT 10.0; Win64; x64) AppleWebKit/537.36 (KHTML, like Gecko) Chrome/100.0.4896.127 Safari/537.36"
::1 - - [27/Apr/2022:17:21:29 +0000] "GET /main.js HTTP/1.1" 304 - "http://localhost:5555/?number=" "Mozilla/5.0 (Windows NT 10.0; Win64; x64) AppleWebKit/537.36 (KHTML, like Gecko) Chrome/100.0.4896.127 Safari/537.36"
::1 - - [27/Apr/2022:17:21:29 +0000] "GET /assets/img/heads.png HTTP/1.1" 304 - "http://localhost:5555/?number=" "Mozilla/5.0 (Windows NT 10.0; Win64; x64) AppleWebKit/537.36 (KHTML, like Gecko) Chrome/100.0.4896.127 Safari/537.36"
::1 - - [27/Apr/2022:17:21:29 +0000] "GET /assets/img/tails.png HTTP/1.1" 304 - "http://localhost:5555/?number=" "Mozilla/5.0 (Windows NT 10.0; Win64; x64) AppleWebKit/537.36 (KHTML, like Gecko) Chrome/100.0.4896.127 Safari/537.36"
::1 - - [27/Apr/2022:17:21:30 +0000] "GET /assets/favicon/favicon-32x32.png HTTP/1.1" 304 - "http://localhost:5555/?number=" "Mozilla/5.0 (Windows NT 10.0; Win64; x64) AppleWebKit/537.36 (KHTML, like Gecko) Chrome/100.0.4896.127 Safari/537.36"
::1 - - [27/Apr/2022:17:21:30 +0000] "GET /assets/favicon/manifest.json HTTP/1.1" 304 - "http://localhost:5555/?number=" "Mozilla/5.0 (Windows NT 10.0; Win64; x64) AppleWebKit/537.36 (KHTML, like Gecko) Chrome/100.0.4896.127 Safari/537.36"
::1 - - [27/Apr/2022:17:21:42 +0000] "GET / HTTP/1.1" 304 - "-" "Mozilla/5.0 (Windows NT 10.0; Win64; x64) AppleWebKit/537.36 (KHTML, like Gecko) Chrome/100.0.4896.127 Safari/537.36"
::1 - - [27/Apr/2022:17:21:43 +0000] "GET /style.css HTTP/1.1" 304 - "http://localhost:5555/" "Mozilla/5.0 (Windows NT 10.0; Win64; x64) AppleWebKit/537.36 (KHTML, like Gecko) Chrome/100.0.4896.127 Safari/537.36"
::1 - - [27/Apr/2022:17:21:43 +0000] "GET /assets/img/coin.png HTTP/1.1" 304 - "http://localhost:5555/" "Mozilla/5.0 (Windows NT 10.0; Win64; x64) AppleWebKit/537.36 (KHTML, like Gecko) Chrome/100.0.4896.127 Safari/537.36"
::1 - - [27/Apr/2022:17:21:43 +0000] "GET /main.js HTTP/1.1" 304 - "http://localhost:5555/" "Mozilla/5.0 (Windows NT 10.0; Win64; x64) AppleWebKit/537.36 (KHTML, like Gecko) Chrome/100.0.4896.127 Safari/537.36"
::1 - - [27/Apr/2022:17:21:43 +0000] "GET /assets/img/heads.png HTTP/1.1" 304 - "http://localhost:5555/" "Mozilla/5.0 (Windows NT 10.0; Win64; x64) AppleWebKit/537.36 (KHTML, like Gecko) Chrome/100.0.4896.127 Safari/537.36"
::1 - - [27/Apr/2022:17:21:43 +0000] "GET /assets/img/tails.png HTTP/1.1" 304 - "http://localhost:5555/" "Mozilla/5.0 (Windows NT 10.0; Win64; x64) AppleWebKit/537.36 (KHTML, like Gecko) Chrome/100.0.4896.127 Safari/537.36"
::1 - - [27/Apr/2022:17:21:44 +0000] "GET /assets/favicon/manifest.json HTTP/1.1" 304 - "http://localhost:5555/" "Mozilla/5.0 (Windows NT 10.0; Win64; x64) AppleWebKit/537.36 (KHTML, like Gecko) Chrome/100.0.4896.127 Safari/537.36"
::1 - - [27/Apr/2022:17:21:46 +0000] "POST /app/flip/coins/ HTTP/1.1" 200 65 "http://localhost:5555/" "Mozilla/5.0 (Windows NT 10.0; Win64; x64) AppleWebKit/537.36 (KHTML, like Gecko) Chrome/100.0.4896.127 Safari/537.36"
::1 - - [27/Apr/2022:17:21:48 +0000] "POST /app/flip/call/ HTTP/1.1" 200 46 "http://localhost:5555/" "Mozilla/5.0 (Windows NT 10.0; Win64; x64) AppleWebKit/537.36 (KHTML, like Gecko) Chrome/100.0.4896.127 Safari/537.36"
::1 - - [27/Apr/2022:17:21:52 +0000] "POST /app/flip/call/ HTTP/1.1" 200 47 "http://localhost:5555/" "Mozilla/5.0 (Windows NT 10.0; Win64; x64) AppleWebKit/537.36 (KHTML, like Gecko) Chrome/100.0.4896.127 Safari/537.36"
::1 - - [27/Apr/2022:17:21:54 +0000] "GET /app/flip HTTP/1.1" 304 - "http://localhost:5555/" "Mozilla/5.0 (Windows NT 10.0; Win64; x64) AppleWebKit/537.36 (KHTML, like Gecko) Chrome/100.0.4896.127 Safari/537.36"
::1 - - [27/Apr/2022:17:22:01 +0000] "POST /app/flip/coins/ HTTP/1.1" 200 65 "http://localhost:5555/" "Mozilla/5.0 (Windows NT 10.0; Win64; x64) AppleWebKit/537.36 (KHTML, like Gecko) Chrome/100.0.4896.127 Safari/537.36"
::1 - - [27/Apr/2022:17:22:01 +0000] "POST /app/flip/coins/ HTTP/1.1" 200 65 "http://localhost:5555/" "Mozilla/5.0 (Windows NT 10.0; Win64; x64) AppleWebKit/537.36 (KHTML, like Gecko) Chrome/100.0.4896.127 Safari/537.36"
::1 - - [27/Apr/2022:17:22:02 +0000] "POST /app/flip/coins/ HTTP/1.1" 200 65 "http://localhost:5555/" "Mozilla/5.0 (Windows NT 10.0; Win64; x64) AppleWebKit/537.36 (KHTML, like Gecko) Chrome/100.0.4896.127 Safari/537.36"
::1 - - [27/Apr/2022:17:22:02 +0000] "POST /app/flip/coins/ HTTP/1.1" 200 55 "http://localhost:5555/" "Mozilla/5.0 (Windows NT 10.0; Win64; x64) AppleWebKit/537.36 (KHTML, like Gecko) Chrome/100.0.4896.127 Safari/537.36"
::1 - - [27/Apr/2022:17:22:04 +0000] "POST /app/flip/call/ HTTP/1.1" 200 47 "http://localhost:5555/" "Mozilla/5.0 (Windows NT 10.0; Win64; x64) AppleWebKit/537.36 (KHTML, like Gecko) Chrome/100.0.4896.127 Safari/537.36"
::ffff:127.0.0.1 - - [27/Apr/2022:17:26:12 +0000] "GET /app HTTP/1.1" 200 29 "-" "curl/7.78.0"
::1 - - [27/Apr/2022:17:26:55 +0000] "GET / HTTP/1.1" 304 - "-" "Mozilla/5.0 (Windows NT 10.0; Win64; x64) AppleWebKit/537.36 (KHTML, like Gecko) Chrome/100.0.4896.127 Safari/537.36"
::1 - - [27/Apr/2022:17:26:57 +0000] "GET /style.css HTTP/1.1" 304 - "http://localhost:5555/" "Mozilla/5.0 (Windows NT 10.0; Win64; x64) AppleWebKit/537.36 (KHTML, like Gecko) Chrome/100.0.4896.127 Safari/537.36"
::1 - - [27/Apr/2022:17:26:57 +0000] "GET /assets/img/coin.png HTTP/1.1" 304 - "http://localhost:5555/" "Mozilla/5.0 (Windows NT 10.0; Win64; x64) AppleWebKit/537.36 (KHTML, like Gecko) Chrome/100.0.4896.127 Safari/537.36"
::1 - - [27/Apr/2022:17:26:57 +0000] "GET /main.js HTTP/1.1" 304 - "http://localhost:5555/" "Mozilla/5.0 (Windows NT 10.0; Win64; x64) AppleWebKit/537.36 (KHTML, like Gecko) Chrome/100.0.4896.127 Safari/537.36"
::1 - - [27/Apr/2022:17:26:57 +0000] "GET /assets/img/heads.png HTTP/1.1" 304 - "http://localhost:5555/" "Mozilla/5.0 (Windows NT 10.0; Win64; x64) AppleWebKit/537.36 (KHTML, like Gecko) Chrome/100.0.4896.127 Safari/537.36"
::1 - - [27/Apr/2022:17:26:57 +0000] "GET /assets/img/tails.png HTTP/1.1" 304 - "http://localhost:5555/" "Mozilla/5.0 (Windows NT 10.0; Win64; x64) AppleWebKit/537.36 (KHTML, like Gecko) Chrome/100.0.4896.127 Safari/537.36"
::1 - - [27/Apr/2022:17:26:57 +0000] "GET /assets/favicon/manifest.json HTTP/1.1" 304 - "http://localhost:5555/" "Mozilla/5.0 (Windows NT 10.0; Win64; x64) AppleWebKit/537.36 (KHTML, like Gecko) Chrome/100.0.4896.127 Safari/537.36"
::1 - - [27/Apr/2022:17:26:57 +0000] "GET /assets/favicon/favicon-32x32.png HTTP/1.1" 304 - "http://localhost:5555/" "Mozilla/5.0 (Windows NT 10.0; Win64; x64) AppleWebKit/537.36 (KHTML, like Gecko) Chrome/100.0.4896.127 Safari/537.36"
::1 - - [27/Apr/2022:17:27:00 +0000] "GET /app/flip HTTP/1.1" 500 1386 "http://localhost:5555/" "Mozilla/5.0 (Windows NT 10.0; Win64; x64) AppleWebKit/537.36 (KHTML, like Gecko) Chrome/100.0.4896.127 Safari/537.36"
::1 - - [27/Apr/2022:17:27:02 +0000] "GET /app/flip HTTP/1.1" 500 1386 "http://localhost:5555/" "Mozilla/5.0 (Windows NT 10.0; Win64; x64) AppleWebKit/537.36 (KHTML, like Gecko) Chrome/100.0.4896.127 Safari/537.36"
::1 - - [27/Apr/2022:17:27:02 +0000] "GET /app/flip HTTP/1.1" 500 1386 "http://localhost:5555/" "Mozilla/5.0 (Windows NT 10.0; Win64; x64) AppleWebKit/537.36 (KHTML, like Gecko) Chrome/100.0.4896.127 Safari/537.36"
::1 - - [27/Apr/2022:17:27:04 +0000] "POST /app/flip/coins/ HTTP/1.1" 500 1388 "http://localhost:5555/" "Mozilla/5.0 (Windows NT 10.0; Win64; x64) AppleWebKit/537.36 (KHTML, like Gecko) Chrome/100.0.4896.127 Safari/537.36"
::1 - - [27/Apr/2022:17:27:05 +0000] "POST /app/flip/coins/ HTTP/1.1" 500 1388 "http://localhost:5555/" "Mozilla/5.0 (Windows NT 10.0; Win64; x64) AppleWebKit/537.36 (KHTML, like Gecko) Chrome/100.0.4896.127 Safari/537.36"
::1 - - [27/Apr/2022:17:27:05 +0000] "POST /app/flip/coins/ HTTP/1.1" 500 1388 "http://localhost:5555/" "Mozilla/5.0 (Windows NT 10.0; Win64; x64) AppleWebKit/537.36 (KHTML, like Gecko) Chrome/100.0.4896.127 Safari/537.36"
::1 - - [27/Apr/2022:17:27:05 +0000] "POST /app/flip/coins/ HTTP/1.1" 500 1388 "http://localhost:5555/" "Mozilla/5.0 (Windows NT 10.0; Win64; x64) AppleWebKit/537.36 (KHTML, like Gecko) Chrome/100.0.4896.127 Safari/537.36"
::1 - - [27/Apr/2022:17:30:36 +0000] "GET / HTTP/1.1" 304 - "-" "Mozilla/5.0 (Windows NT 10.0; Win64; x64) AppleWebKit/537.36 (KHTML, like Gecko) Chrome/100.0.4896.127 Safari/537.36"
::1 - - [27/Apr/2022:17:30:36 +0000] "GET /style.css HTTP/1.1" 304 - "http://localhost:5555/" "Mozilla/5.0 (Windows NT 10.0; Win64; x64) AppleWebKit/537.36 (KHTML, like Gecko) Chrome/100.0.4896.127 Safari/537.36"
::1 - - [27/Apr/2022:17:30:36 +0000] "GET /assets/img/coin.png HTTP/1.1" 304 - "http://localhost:5555/" "Mozilla/5.0 (Windows NT 10.0; Win64; x64) AppleWebKit/537.36 (KHTML, like Gecko) Chrome/100.0.4896.127 Safari/537.36"
::1 - - [27/Apr/2022:17:30:36 +0000] "GET /main.js HTTP/1.1" 304 - "http://localhost:5555/" "Mozilla/5.0 (Windows NT 10.0; Win64; x64) AppleWebKit/537.36 (KHTML, like Gecko) Chrome/100.0.4896.127 Safari/537.36"
::1 - - [27/Apr/2022:17:30:36 +0000] "GET /assets/img/heads.png HTTP/1.1" 304 - "http://localhost:5555/" "Mozilla/5.0 (Windows NT 10.0; Win64; x64) AppleWebKit/537.36 (KHTML, like Gecko) Chrome/100.0.4896.127 Safari/537.36"
::1 - - [27/Apr/2022:17:30:36 +0000] "GET /assets/img/tails.png HTTP/1.1" 304 - "http://localhost:5555/" "Mozilla/5.0 (Windows NT 10.0; Win64; x64) AppleWebKit/537.36 (KHTML, like Gecko) Chrome/100.0.4896.127 Safari/537.36"
::1 - - [27/Apr/2022:17:30:37 +0000] "GET /assets/favicon/manifest.json HTTP/1.1" 304 - "http://localhost:5555/" "Mozilla/5.0 (Windows NT 10.0; Win64; x64) AppleWebKit/537.36 (KHTML, like Gecko) Chrome/100.0.4896.127 Safari/537.36"
::1 - - [27/Apr/2022:17:30:37 +0000] "GET /assets/favicon/favicon-32x32.png HTTP/1.1" 304 - "http://localhost:5555/" "Mozilla/5.0 (Windows NT 10.0; Win64; x64) AppleWebKit/537.36 (KHTML, like Gecko) Chrome/100.0.4896.127 Safari/537.36"
::1 - - [27/Apr/2022:17:30:39 +0000] "GET /app/flip HTTP/1.1" 200 16 "http://localhost:5555/" "Mozilla/5.0 (Windows NT 10.0; Win64; x64) AppleWebKit/537.36 (KHTML, like Gecko) Chrome/100.0.4896.127 Safari/537.36"
::1 - - [27/Apr/2022:17:30:41 +0000] "POST /app/flip/coins/ HTTP/1.1" 500 1385 "http://localhost:5555/" "Mozilla/5.0 (Windows NT 10.0; Win64; x64) AppleWebKit/537.36 (KHTML, like Gecko) Chrome/100.0.4896.127 Safari/537.36"
::1 - - [27/Apr/2022:17:30:43 +0000] "POST /app/flip/coins/ HTTP/1.1" 500 1385 "http://localhost:5555/" "Mozilla/5.0 (Windows NT 10.0; Win64; x64) AppleWebKit/537.36 (KHTML, like Gecko) Chrome/100.0.4896.127 Safari/537.36"
::1 - - [27/Apr/2022:17:30:43 +0000] "POST /app/flip/coins/ HTTP/1.1" 500 1385 "http://localhost:5555/" "Mozilla/5.0 (Windows NT 10.0; Win64; x64) AppleWebKit/537.36 (KHTML, like Gecko) Chrome/100.0.4896.127 Safari/537.36"
::1 - - [27/Apr/2022:17:30:47 +0000] "POST /app/flip/call/ HTTP/1.1" 500 1347 "http://localhost:5555/" "Mozilla/5.0 (Windows NT 10.0; Win64; x64) AppleWebKit/537.36 (KHTML, like Gecko) Chrome/100.0.4896.127 Safari/537.36"
::1 - - [27/Apr/2022:17:31:31 +0000] "GET / HTTP/1.1" 304 - "-" "Mozilla/5.0 (Windows NT 10.0; Win64; x64) AppleWebKit/537.36 (KHTML, like Gecko) Chrome/100.0.4896.127 Safari/537.36"
::1 - - [27/Apr/2022:17:31:31 +0000] "GET /style.css HTTP/1.1" 304 - "http://localhost:5555/" "Mozilla/5.0 (Windows NT 10.0; Win64; x64) AppleWebKit/537.36 (KHTML, like Gecko) Chrome/100.0.4896.127 Safari/537.36"
::1 - - [27/Apr/2022:17:31:31 +0000] "GET /assets/img/coin.png HTTP/1.1" 304 - "http://localhost:5555/" "Mozilla/5.0 (Windows NT 10.0; Win64; x64) AppleWebKit/537.36 (KHTML, like Gecko) Chrome/100.0.4896.127 Safari/537.36"
::1 - - [27/Apr/2022:17:31:31 +0000] "GET /main.js HTTP/1.1" 304 - "http://localhost:5555/" "Mozilla/5.0 (Windows NT 10.0; Win64; x64) AppleWebKit/537.36 (KHTML, like Gecko) Chrome/100.0.4896.127 Safari/537.36"
::1 - - [27/Apr/2022:17:31:31 +0000] "GET /assets/img/heads.png HTTP/1.1" 304 - "http://localhost:5555/" "Mozilla/5.0 (Windows NT 10.0; Win64; x64) AppleWebKit/537.36 (KHTML, like Gecko) Chrome/100.0.4896.127 Safari/537.36"
::1 - - [27/Apr/2022:17:31:31 +0000] "GET /assets/img/tails.png HTTP/1.1" 304 - "http://localhost:5555/" "Mozilla/5.0 (Windows NT 10.0; Win64; x64) AppleWebKit/537.36 (KHTML, like Gecko) Chrome/100.0.4896.127 Safari/537.36"
::1 - - [27/Apr/2022:17:31:31 +0000] "GET /assets/favicon/favicon-32x32.png HTTP/1.1" 304 - "http://localhost:5555/" "Mozilla/5.0 (Windows NT 10.0; Win64; x64) AppleWebKit/537.36 (KHTML, like Gecko) Chrome/100.0.4896.127 Safari/537.36"
::1 - - [27/Apr/2022:17:31:31 +0000] "GET /assets/favicon/manifest.json HTTP/1.1" 304 - "http://localhost:5555/" "Mozilla/5.0 (Windows NT 10.0; Win64; x64) AppleWebKit/537.36 (KHTML, like Gecko) Chrome/100.0.4896.127 Safari/537.36"
::1 - - [27/Apr/2022:17:31:33 +0000] "GET /app/flip HTTP/1.1" 304 - "http://localhost:5555/" "Mozilla/5.0 (Windows NT 10.0; Win64; x64) AppleWebKit/537.36 (KHTML, like Gecko) Chrome/100.0.4896.127 Safari/537.36"
::1 - - [27/Apr/2022:17:31:35 +0000] "POST /app/flip/coins/ HTTP/1.1" 200 65 "http://localhost:5555/" "Mozilla/5.0 (Windows NT 10.0; Win64; x64) AppleWebKit/537.36 (KHTML, like Gecko) Chrome/100.0.4896.127 Safari/537.36"
::1 - - [27/Apr/2022:17:31:37 +0000] "POST /app/flip/call/ HTTP/1.1" 500 1347 "http://localhost:5555/" "Mozilla/5.0 (Windows NT 10.0; Win64; x64) AppleWebKit/537.36 (KHTML, like Gecko) Chrome/100.0.4896.127 Safari/537.36"
::1 - - [27/Apr/2022:17:31:40 +0000] "POST /app/flip/call/ HTTP/1.1" 500 1347 "http://localhost:5555/" "Mozilla/5.0 (Windows NT 10.0; Win64; x64) AppleWebKit/537.36 (KHTML, like Gecko) Chrome/100.0.4896.127 Safari/537.36"
::1 - - [27/Apr/2022:17:31:40 +0000] "POST /app/flip/call/ HTTP/1.1" 500 1347 "http://localhost:5555/" "Mozilla/5.0 (Windows NT 10.0; Win64; x64) AppleWebKit/537.36 (KHTML, like Gecko) Chrome/100.0.4896.127 Safari/537.36"
::1 - - [27/Apr/2022:17:31:40 +0000] "POST /app/flip/call/ HTTP/1.1" 500 1347 "http://localhost:5555/" "Mozilla/5.0 (Windows NT 10.0; Win64; x64) AppleWebKit/537.36 (KHTML, like Gecko) Chrome/100.0.4896.127 Safari/537.36"
::1 - - [27/Apr/2022:17:36:16 +0000] "GET / HTTP/1.1" 200 4412 "-" "Mozilla/5.0 (Windows NT 10.0; Win64; x64) AppleWebKit/537.36 (KHTML, like Gecko) Chrome/100.0.4896.127 Safari/537.36"
::1 - - [27/Apr/2022:17:36:16 +0000] "GET /style.css HTTP/1.1" 304 - "http://localhost:5555/" "Mozilla/5.0 (Windows NT 10.0; Win64; x64) AppleWebKit/537.36 (KHTML, like Gecko) Chrome/100.0.4896.127 Safari/537.36"
::1 - - [27/Apr/2022:17:36:16 +0000] "GET /assets/img/coin.png HTTP/1.1" 304 - "http://localhost:5555/" "Mozilla/5.0 (Windows NT 10.0; Win64; x64) AppleWebKit/537.36 (KHTML, like Gecko) Chrome/100.0.4896.127 Safari/537.36"
::1 - - [27/Apr/2022:17:36:16 +0000] "GET /main.js HTTP/1.1" 304 - "http://localhost:5555/" "Mozilla/5.0 (Windows NT 10.0; Win64; x64) AppleWebKit/537.36 (KHTML, like Gecko) Chrome/100.0.4896.127 Safari/537.36"
::1 - - [27/Apr/2022:17:36:16 +0000] "GET /assets/img/heads.png HTTP/1.1" 304 - "http://localhost:5555/" "Mozilla/5.0 (Windows NT 10.0; Win64; x64) AppleWebKit/537.36 (KHTML, like Gecko) Chrome/100.0.4896.127 Safari/537.36"
::1 - - [27/Apr/2022:17:36:16 +0000] "GET /assets/img/tails.png HTTP/1.1" 304 - "http://localhost:5555/" "Mozilla/5.0 (Windows NT 10.0; Win64; x64) AppleWebKit/537.36 (KHTML, like Gecko) Chrome/100.0.4896.127 Safari/537.36"
::1 - - [27/Apr/2022:17:36:16 +0000] "GET /assets/favicon/manifest.json HTTP/1.1" 304 - "http://localhost:5555/" "Mozilla/5.0 (Windows NT 10.0; Win64; x64) AppleWebKit/537.36 (KHTML, like Gecko) Chrome/100.0.4896.127 Safari/537.36"
::1 - - [27/Apr/2022:17:36:16 +0000] "GET /assets/favicon/favicon-32x32.png HTTP/1.1" 304 - "http://localhost:5555/" "Mozilla/5.0 (Windows NT 10.0; Win64; x64) AppleWebKit/537.36 (KHTML, like Gecko) Chrome/100.0.4896.127 Safari/537.36"
::1 - - [27/Apr/2022:17:36:19 +0000] "POST /app/flip/coins/ HTTP/1.1" 200 65 "http://localhost:5555/" "Mozilla/5.0 (Windows NT 10.0; Win64; x64) AppleWebKit/537.36 (KHTML, like Gecko) Chrome/100.0.4896.127 Safari/537.36"
::1 - - [27/Apr/2022:17:36:21 +0000] "POST /app/flip/call/ HTTP/1.1" 500 1347 "http://localhost:5555/" "Mozilla/5.0 (Windows NT 10.0; Win64; x64) AppleWebKit/537.36 (KHTML, like Gecko) Chrome/100.0.4896.127 Safari/537.36"
::1 - - [27/Apr/2022:17:36:22 +0000] "POST /app/flip/call/ HTTP/1.1" 500 1347 "http://localhost:5555/" "Mozilla/5.0 (Windows NT 10.0; Win64; x64) AppleWebKit/537.36 (KHTML, like Gecko) Chrome/100.0.4896.127 Safari/537.36"
::1 - - [27/Apr/2022:17:36:22 +0000] "POST /app/flip/call/ HTTP/1.1" 500 1347 "http://localhost:5555/" "Mozilla/5.0 (Windows NT 10.0; Win64; x64) AppleWebKit/537.36 (KHTML, like Gecko) Chrome/100.0.4896.127 Safari/537.36"
::1 - - [27/Apr/2022:17:36:23 +0000] "POST /app/flip/call/ HTTP/1.1" 500 1347 "http://localhost:5555/" "Mozilla/5.0 (Windows NT 10.0; Win64; x64) AppleWebKit/537.36 (KHTML, like Gecko) Chrome/100.0.4896.127 Safari/537.36"
::1 - - [27/Apr/2022:17:36:24 +0000] "GET /app/flip HTTP/1.1" 200 16 "http://localhost:5555/" "Mozilla/5.0 (Windows NT 10.0; Win64; x64) AppleWebKit/537.36 (KHTML, like Gecko) Chrome/100.0.4896.127 Safari/537.36"
::1 - - [27/Apr/2022:17:43:30 +0000] "GET / HTTP/1.1" 200 4412 "-" "Mozilla/5.0 (Windows NT 10.0; Win64; x64) AppleWebKit/537.36 (KHTML, like Gecko) Chrome/100.0.4896.127 Safari/537.36"
::1 - - [27/Apr/2022:17:43:31 +0000] "GET /style.css HTTP/1.1" 304 - "http://localhost:5555/" "Mozilla/5.0 (Windows NT 10.0; Win64; x64) AppleWebKit/537.36 (KHTML, like Gecko) Chrome/100.0.4896.127 Safari/537.36"
::1 - - [27/Apr/2022:17:43:31 +0000] "GET /assets/img/coin.png HTTP/1.1" 304 - "http://localhost:5555/" "Mozilla/5.0 (Windows NT 10.0; Win64; x64) AppleWebKit/537.36 (KHTML, like Gecko) Chrome/100.0.4896.127 Safari/537.36"
::1 - - [27/Apr/2022:17:43:31 +0000] "GET /main.js HTTP/1.1" 304 - "http://localhost:5555/" "Mozilla/5.0 (Windows NT 10.0; Win64; x64) AppleWebKit/537.36 (KHTML, like Gecko) Chrome/100.0.4896.127 Safari/537.36"
::1 - - [27/Apr/2022:17:43:31 +0000] "GET /assets/img/heads.png HTTP/1.1" 304 - "http://localhost:5555/" "Mozilla/5.0 (Windows NT 10.0; Win64; x64) AppleWebKit/537.36 (KHTML, like Gecko) Chrome/100.0.4896.127 Safari/537.36"
::1 - - [27/Apr/2022:17:43:31 +0000] "GET /assets/img/tails.png HTTP/1.1" 304 - "http://localhost:5555/" "Mozilla/5.0 (Windows NT 10.0; Win64; x64) AppleWebKit/537.36 (KHTML, like Gecko) Chrome/100.0.4896.127 Safari/537.36"
::1 - - [27/Apr/2022:17:43:31 +0000] "GET /assets/favicon/manifest.json HTTP/1.1" 304 - "http://localhost:5555/" "Mozilla/5.0 (Windows NT 10.0; Win64; x64) AppleWebKit/537.36 (KHTML, like Gecko) Chrome/100.0.4896.127 Safari/537.36"
::1 - - [27/Apr/2022:17:43:31 +0000] "GET /assets/favicon/favicon-32x32.png HTTP/1.1" 304 - "http://localhost:5555/" "Mozilla/5.0 (Windows NT 10.0; Win64; x64) AppleWebKit/537.36 (KHTML, like Gecko) Chrome/100.0.4896.127 Safari/537.36"
::1 - - [27/Apr/2022:17:43:33 +0000] "POST /app/flip/coins/ HTTP/1.1" 500 1388 "http://localhost:5555/" "Mozilla/5.0 (Windows NT 10.0; Win64; x64) AppleWebKit/537.36 (KHTML, like Gecko) Chrome/100.0.4896.127 Safari/537.36"
::1 - - [27/Apr/2022:17:43:34 +0000] "POST /app/flip/coins/ HTTP/1.1" 500 1388 "http://localhost:5555/" "Mozilla/5.0 (Windows NT 10.0; Win64; x64) AppleWebKit/537.36 (KHTML, like Gecko) Chrome/100.0.4896.127 Safari/537.36"
::1 - - [27/Apr/2022:17:43:34 +0000] "POST /app/flip/coins/ HTTP/1.1" 500 1388 "http://localhost:5555/" "Mozilla/5.0 (Windows NT 10.0; Win64; x64) AppleWebKit/537.36 (KHTML, like Gecko) Chrome/100.0.4896.127 Safari/537.36"
::1 - - [27/Apr/2022:17:43:35 +0000] "POST /app/flip/call/ HTTP/1.1" 500 1347 "http://localhost:5555/" "Mozilla/5.0 (Windows NT 10.0; Win64; x64) AppleWebKit/537.36 (KHTML, like Gecko) Chrome/100.0.4896.127 Safari/537.36"
::1 - - [27/Apr/2022:17:43:36 +0000] "GET /app/flip HTTP/1.1" 304 - "http://localhost:5555/" "Mozilla/5.0 (Windows NT 10.0; Win64; x64) AppleWebKit/537.36 (KHTML, like Gecko) Chrome/100.0.4896.127 Safari/537.36"
::1 - - [27/Apr/2022:17:44:29 +0000] "GET / HTTP/1.1" 304 - "-" "Mozilla/5.0 (Windows NT 10.0; Win64; x64) AppleWebKit/537.36 (KHTML, like Gecko) Chrome/100.0.4896.127 Safari/537.36"
::1 - - [27/Apr/2022:17:44:29 +0000] "GET /style.css HTTP/1.1" 304 - "http://localhost:5555/" "Mozilla/5.0 (Windows NT 10.0; Win64; x64) AppleWebKit/537.36 (KHTML, like Gecko) Chrome/100.0.4896.127 Safari/537.36"
::1 - - [27/Apr/2022:17:44:29 +0000] "GET /assets/img/coin.png HTTP/1.1" 304 - "http://localhost:5555/" "Mozilla/5.0 (Windows NT 10.0; Win64; x64) AppleWebKit/537.36 (KHTML, like Gecko) Chrome/100.0.4896.127 Safari/537.36"
::1 - - [27/Apr/2022:17:44:29 +0000] "GET /main.js HTTP/1.1" 304 - "http://localhost:5555/" "Mozilla/5.0 (Windows NT 10.0; Win64; x64) AppleWebKit/537.36 (KHTML, like Gecko) Chrome/100.0.4896.127 Safari/537.36"
::1 - - [27/Apr/2022:17:44:29 +0000] "GET /assets/img/heads.png HTTP/1.1" 304 - "http://localhost:5555/" "Mozilla/5.0 (Windows NT 10.0; Win64; x64) AppleWebKit/537.36 (KHTML, like Gecko) Chrome/100.0.4896.127 Safari/537.36"
::1 - - [27/Apr/2022:17:44:29 +0000] "GET /assets/img/tails.png HTTP/1.1" 304 - "http://localhost:5555/" "Mozilla/5.0 (Windows NT 10.0; Win64; x64) AppleWebKit/537.36 (KHTML, like Gecko) Chrome/100.0.4896.127 Safari/537.36"
::1 - - [27/Apr/2022:17:44:30 +0000] "GET /assets/favicon/favicon-32x32.png HTTP/1.1" 304 - "http://localhost:5555/" "Mozilla/5.0 (Windows NT 10.0; Win64; x64) AppleWebKit/537.36 (KHTML, like Gecko) Chrome/100.0.4896.127 Safari/537.36"
::1 - - [27/Apr/2022:17:44:30 +0000] "GET /assets/favicon/manifest.json HTTP/1.1" 304 - "http://localhost:5555/" "Mozilla/5.0 (Windows NT 10.0; Win64; x64) AppleWebKit/537.36 (KHTML, like Gecko) Chrome/100.0.4896.127 Safari/537.36"
::1 - - [27/Apr/2022:17:44:32 +0000] "GET / HTTP/1.1" 304 - "-" "Mozilla/5.0 (Windows NT 10.0; Win64; x64) AppleWebKit/537.36 (KHTML, like Gecko) Chrome/100.0.4896.127 Safari/537.36"
::1 - - [27/Apr/2022:17:44:32 +0000] "GET /style.css HTTP/1.1" 304 - "http://localhost:5555/" "Mozilla/5.0 (Windows NT 10.0; Win64; x64) AppleWebKit/537.36 (KHTML, like Gecko) Chrome/100.0.4896.127 Safari/537.36"
::1 - - [27/Apr/2022:17:44:32 +0000] "GET /assets/img/coin.png HTTP/1.1" 304 - "http://localhost:5555/" "Mozilla/5.0 (Windows NT 10.0; Win64; x64) AppleWebKit/537.36 (KHTML, like Gecko) Chrome/100.0.4896.127 Safari/537.36"
::1 - - [27/Apr/2022:17:44:32 +0000] "GET /main.js HTTP/1.1" 304 - "http://localhost:5555/" "Mozilla/5.0 (Windows NT 10.0; Win64; x64) AppleWebKit/537.36 (KHTML, like Gecko) Chrome/100.0.4896.127 Safari/537.36"
::1 - - [27/Apr/2022:17:44:32 +0000] "GET /assets/img/heads.png HTTP/1.1" 304 - "http://localhost:5555/" "Mozilla/5.0 (Windows NT 10.0; Win64; x64) AppleWebKit/537.36 (KHTML, like Gecko) Chrome/100.0.4896.127 Safari/537.36"
::1 - - [27/Apr/2022:17:44:32 +0000] "GET /assets/img/tails.png HTTP/1.1" 304 - "http://localhost:5555/" "Mozilla/5.0 (Windows NT 10.0; Win64; x64) AppleWebKit/537.36 (KHTML, like Gecko) Chrome/100.0.4896.127 Safari/537.36"
::1 - - [27/Apr/2022:17:44:32 +0000] "GET /assets/favicon/favicon-32x32.png HTTP/1.1" 304 - "http://localhost:5555/" "Mozilla/5.0 (Windows NT 10.0; Win64; x64) AppleWebKit/537.36 (KHTML, like Gecko) Chrome/100.0.4896.127 Safari/537.36"
::1 - - [27/Apr/2022:17:44:32 +0000] "GET /assets/favicon/manifest.json HTTP/1.1" 304 - "http://localhost:5555/" "Mozilla/5.0 (Windows NT 10.0; Win64; x64) AppleWebKit/537.36 (KHTML, like Gecko) Chrome/100.0.4896.127 Safari/537.36"
::1 - - [27/Apr/2022:17:44:35 +0000] "POST /app/flip/coins/ HTTP/1.1" 200 65 "http://localhost:5555/" "Mozilla/5.0 (Windows NT 10.0; Win64; x64) AppleWebKit/537.36 (KHTML, like Gecko) Chrome/100.0.4896.127 Safari/537.36"
::1 - - [27/Apr/2022:17:44:36 +0000] "POST /app/flip/call/ HTTP/1.1" 500 1347 "http://localhost:5555/" "Mozilla/5.0 (Windows NT 10.0; Win64; x64) AppleWebKit/537.36 (KHTML, like Gecko) Chrome/100.0.4896.127 Safari/537.36"
::1 - - [27/Apr/2022:17:44:37 +0000] "POST /app/flip/call/ HTTP/1.1" 500 1347 "http://localhost:5555/" "Mozilla/5.0 (Windows NT 10.0; Win64; x64) AppleWebKit/537.36 (KHTML, like Gecko) Chrome/100.0.4896.127 Safari/537.36"
::1 - - [27/Apr/2022:17:44:38 +0000] "POST /app/flip/call/ HTTP/1.1" 500 1347 "http://localhost:5555/" "Mozilla/5.0 (Windows NT 10.0; Win64; x64) AppleWebKit/537.36 (KHTML, like Gecko) Chrome/100.0.4896.127 Safari/537.36"
::1 - - [27/Apr/2022:17:44:39 +0000] "POST /app/flip/call/ HTTP/1.1" 500 1347 "http://localhost:5555/" "Mozilla/5.0 (Windows NT 10.0; Win64; x64) AppleWebKit/537.36 (KHTML, like Gecko) Chrome/100.0.4896.127 Safari/537.36"
::1 - - [27/Apr/2022:17:45:39 +0000] "GET / HTTP/1.1" 304 - "-" "Mozilla/5.0 (Windows NT 10.0; Win64; x64) AppleWebKit/537.36 (KHTML, like Gecko) Chrome/100.0.4896.127 Safari/537.36"
::1 - - [27/Apr/2022:17:45:39 +0000] "GET /style.css HTTP/1.1" 304 - "http://localhost:5555/" "Mozilla/5.0 (Windows NT 10.0; Win64; x64) AppleWebKit/537.36 (KHTML, like Gecko) Chrome/100.0.4896.127 Safari/537.36"
::1 - - [27/Apr/2022:17:45:39 +0000] "GET /assets/img/coin.png HTTP/1.1" 304 - "http://localhost:5555/" "Mozilla/5.0 (Windows NT 10.0; Win64; x64) AppleWebKit/537.36 (KHTML, like Gecko) Chrome/100.0.4896.127 Safari/537.36"
::1 - - [27/Apr/2022:17:45:39 +0000] "GET /main.js HTTP/1.1" 304 - "http://localhost:5555/" "Mozilla/5.0 (Windows NT 10.0; Win64; x64) AppleWebKit/537.36 (KHTML, like Gecko) Chrome/100.0.4896.127 Safari/537.36"
::1 - - [27/Apr/2022:17:45:39 +0000] "GET /assets/img/heads.png HTTP/1.1" 304 - "http://localhost:5555/" "Mozilla/5.0 (Windows NT 10.0; Win64; x64) AppleWebKit/537.36 (KHTML, like Gecko) Chrome/100.0.4896.127 Safari/537.36"
::1 - - [27/Apr/2022:17:45:39 +0000] "GET /assets/img/tails.png HTTP/1.1" 304 - "http://localhost:5555/" "Mozilla/5.0 (Windows NT 10.0; Win64; x64) AppleWebKit/537.36 (KHTML, like Gecko) Chrome/100.0.4896.127 Safari/537.36"
::1 - - [27/Apr/2022:17:45:39 +0000] "GET /assets/favicon/favicon-32x32.png HTTP/1.1" 304 - "http://localhost:5555/" "Mozilla/5.0 (Windows NT 10.0; Win64; x64) AppleWebKit/537.36 (KHTML, like Gecko) Chrome/100.0.4896.127 Safari/537.36"
::1 - - [27/Apr/2022:17:45:39 +0000] "GET /assets/favicon/manifest.json HTTP/1.1" 304 - "http://localhost:5555/" "Mozilla/5.0 (Windows NT 10.0; Win64; x64) AppleWebKit/537.36 (KHTML, like Gecko) Chrome/100.0.4896.127 Safari/537.36"
::1 - - [27/Apr/2022:17:45:42 +0000] "POST /app/flip/coins/ HTTP/1.1" 200 55 "http://localhost:5555/" "Mozilla/5.0 (Windows NT 10.0; Win64; x64) AppleWebKit/537.36 (KHTML, like Gecko) Chrome/100.0.4896.127 Safari/537.36"
::1 - - [27/Apr/2022:17:45:43 +0000] "POST /app/flip/call/ HTTP/1.1" 200 46 "http://localhost:5555/" "Mozilla/5.0 (Windows NT 10.0; Win64; x64) AppleWebKit/537.36 (KHTML, like Gecko) Chrome/100.0.4896.127 Safari/537.36"
